36.0 APEX_CODE,INFO;APEX_PROFILING,INFO;CALLOUT,INFO;DB,INFO;SYSTEM,INFO;VALIDATION,INFO;VISUALFORCE,INFO;WORKFLOW,INFO
02:48:28.0 (408263)|USER_INFO|[EXTERNAL]|00541000000q0r2|andrey.korobovich@production.com|Pacific Standard Time|GMT-08:00
02:48:28.0 (451475)|EXECUTION_STARTED
02:48:28.0 (459905)|CODE_UNIT_STARTED|[EXTERNAL]|066410000062azV|VF: /apex/CsvGraphic
02:48:28.0 (6920786)|SYSTEM_MODE_ENTER|true
02:48:28.0 (7520245)|SYSTEM_MODE_ENTER|false
02:48:28.0 (7530391)|SYSTEM_MODE_EXIT|false
02:48:28.0 (7543903)|SYSTEM_MODE_ENTER|false
02:48:28.0 (7562014)|SYSTEM_MODE_EXIT|false
02:48:28.0 (7565874)|SYSTEM_MODE_ENTER|false
02:48:28.0 (7568752)|SYSTEM_MODE_EXIT|false
02:48:28.0 (64286998)|VF_SERIALIZE_VIEWSTATE_BEGIN|066410000062azV
02:48:28.0 (75500742)|VF_SERIALIZE_VIEWSTATE_END
02:48:28.0 (76133961)|CODE_UNIT_STARTED|[EXTERNAL]|Generate Metadata
02:48:28.0 (76800640)|CODE_UNIT_FINISHED|Generate Metadata
02:48:28.80 (80189603)|CUMULATIVE_LIMIT_USAGE
02:48:28.80 (80189603)|LIMIT_USAGE_FOR_NS|(default)|
  Number of SOQL queries: 0 out of 100
  Number of query rows: 0 out of 50000
  Number of SOSL queries: 0 out of 20
  Number of DML statements: 0 out of 150
  Number of DML rows: 0 out of 10000
  Maximum CPU time: 0 out of 10000
  Maximum heap size: 0 out of 6000000
  Number of callouts: 0 out of 100
  Number of Email Invocations: 0 out of 10
  Number of future calls: 0 out of 50
  Number of queueable jobs added to the queue: 0 out of 50
  Number of Mobile Apex push calls: 0 out of 10

02:48:28.80 (80189603)|CUMULATIVE_LIMIT_USAGE_END

02:48:28.0 (80236905)|CODE_UNIT_FINISHED|VF: /apex/CsvGraphic
02:48:28.0 (81185998)|EXECUTION_FINISHED
