36.0 APEX_CODE,INFO;APEX_PROFILING,INFO;CALLOUT,INFO;DB,INFO;SYSTEM,INFO;VALIDATION,INFO;VISUALFORCE,INFO;WORKFLOW,INFO
02:53:34.0 (348601)|USER_INFO|[EXTERNAL]|00541000000q0r2|andrey.korobovich@production.com|Pacific Standard Time|GMT-08:00
02:53:34.0 (387617)|EXECUTION_STARTED
02:53:34.0 (393149)|CODE_UNIT_STARTED|[EXTERNAL]|066410000062azV|VF: /apex/CsvGraphic
02:53:34.0 (6080169)|SYSTEM_MODE_ENTER|true
02:53:34.0 (6603834)|SYSTEM_MODE_ENTER|false
02:53:34.0 (6611270)|SYSTEM_MODE_EXIT|false
02:53:34.0 (6627624)|SYSTEM_MODE_ENTER|false
02:53:34.0 (6656200)|SYSTEM_MODE_EXIT|false
02:53:34.0 (6665407)|SYSTEM_MODE_ENTER|false
02:53:34.0 (6669655)|SYSTEM_MODE_EXIT|false
02:53:34.0 (61996423)|VF_SERIALIZE_VIEWSTATE_BEGIN|066410000062azV
02:53:34.0 (106838216)|VF_SERIALIZE_VIEWSTATE_END
02:53:34.0 (107511128)|CODE_UNIT_STARTED|[EXTERNAL]|Generate Metadata
02:53:34.0 (108178984)|CODE_UNIT_FINISHED|Generate Metadata
02:53:34.111 (111827777)|CUMULATIVE_LIMIT_USAGE
02:53:34.111 (111827777)|LIMIT_USAGE_FOR_NS|(default)|
  Number of SOQL queries: 0 out of 100
  Number of query rows: 0 out of 50000
  Number of SOSL queries: 0 out of 20
  Number of DML statements: 0 out of 150
  Number of DML rows: 0 out of 10000
  Maximum CPU time: 0 out of 10000
  Maximum heap size: 0 out of 6000000
  Number of callouts: 0 out of 100
  Number of Email Invocations: 0 out of 10
  Number of future calls: 0 out of 50
  Number of queueable jobs added to the queue: 0 out of 50
  Number of Mobile Apex push calls: 0 out of 10

02:53:34.111 (111827777)|CUMULATIVE_LIMIT_USAGE_END

02:53:34.0 (111886462)|CODE_UNIT_FINISHED|VF: /apex/CsvGraphic
02:53:34.0 (113347563)|EXECUTION_FINISHED
