36.0 APEX_CODE,INFO;APEX_PROFILING,INFO;CALLOUT,INFO;DB,INFO;SYSTEM,INFO;VALIDATION,INFO;VISUALFORCE,INFO;WORKFLOW,INFO
01:42:25.0 (345289)|USER_INFO|[EXTERNAL]|00541000000q0r2|andrey.korobovich@production.com|Pacific Standard Time|GMT-08:00
01:42:25.0 (371068)|EXECUTION_STARTED
01:42:25.0 (376729)|CODE_UNIT_STARTED|[EXTERNAL]|066410000062azV|VF: /apex/CsvGraphic
01:42:25.0 (2347132)|SYSTEM_MODE_ENTER|true
01:42:25.0 (3082426)|SYSTEM_MODE_ENTER|false
01:42:25.0 (3090982)|SYSTEM_MODE_EXIT|false
01:42:25.0 (3114866)|SYSTEM_MODE_ENTER|false
01:42:25.0 (3132561)|SYSTEM_MODE_EXIT|false
01:42:25.0 (3136479)|SYSTEM_MODE_ENTER|false
01:42:25.0 (3138364)|SYSTEM_MODE_EXIT|false
01:42:25.0 (49257269)|VF_SERIALIZE_VIEWSTATE_BEGIN|066410000062azV
01:42:25.0 (65471737)|VF_SERIALIZE_VIEWSTATE_END
01:42:25.0 (66143787)|CODE_UNIT_STARTED|[EXTERNAL]|Generate Metadata
01:42:25.0 (66757320)|CODE_UNIT_FINISHED|Generate Metadata
01:42:25.69 (69145681)|CUMULATIVE_LIMIT_USAGE
01:42:25.69 (69145681)|LIMIT_USAGE_FOR_NS|(default)|
  Number of SOQL queries: 0 out of 100
  Number of query rows: 0 out of 50000
  Number of SOSL queries: 0 out of 20
  Number of DML statements: 0 out of 150
  Number of DML rows: 0 out of 10000
  Maximum CPU time: 0 out of 10000
  Maximum heap size: 0 out of 6000000
  Number of callouts: 0 out of 100
  Number of Email Invocations: 0 out of 10
  Number of future calls: 0 out of 50
  Number of queueable jobs added to the queue: 0 out of 50
  Number of Mobile Apex push calls: 0 out of 10

01:42:25.69 (69145681)|CUMULATIVE_LIMIT_USAGE_END

01:42:25.0 (69183029)|CODE_UNIT_FINISHED|VF: /apex/CsvGraphic
01:42:25.0 (70142061)|EXECUTION_FINISHED
