36.0 APEX_CODE,INFO;APEX_PROFILING,INFO;CALLOUT,INFO;DB,INFO;SYSTEM,INFO;VALIDATION,INFO;VISUALFORCE,INFO;WORKFLOW,INFO
02:47:30.0 (400026)|USER_INFO|[EXTERNAL]|00541000000q0r2|andrey.korobovich@production.com|Pacific Standard Time|GMT-08:00
02:47:30.0 (434088)|EXECUTION_STARTED
02:47:30.0 (442254)|CODE_UNIT_STARTED|[EXTERNAL]|066410000062azV|VF: /apex/CsvGraphic
02:47:30.0 (2541080)|SYSTEM_MODE_ENTER|true
02:47:30.0 (3154697)|SYSTEM_MODE_ENTER|false
02:47:30.0 (3163649)|SYSTEM_MODE_EXIT|false
02:47:30.0 (3203902)|SYSTEM_MODE_ENTER|false
02:47:30.0 (3222637)|SYSTEM_MODE_EXIT|false
02:47:30.0 (3226877)|SYSTEM_MODE_ENTER|false
02:47:30.0 (3230129)|SYSTEM_MODE_EXIT|false
02:47:30.0 (56429009)|VF_SERIALIZE_VIEWSTATE_BEGIN|066410000062azV
02:47:30.0 (73477561)|VF_SERIALIZE_VIEWSTATE_END
02:47:30.0 (74281092)|CODE_UNIT_STARTED|[EXTERNAL]|Generate Metadata
02:47:30.0 (75174229)|CODE_UNIT_FINISHED|Generate Metadata
02:47:30.78 (78713961)|CUMULATIVE_LIMIT_USAGE
02:47:30.78 (78713961)|LIMIT_USAGE_FOR_NS|(default)|
  Number of SOQL queries: 0 out of 100
  Number of query rows: 0 out of 50000
  Number of SOSL queries: 0 out of 20
  Number of DML statements: 0 out of 150
  Number of DML rows: 0 out of 10000
  Maximum CPU time: 0 out of 10000
  Maximum heap size: 0 out of 6000000
  Number of callouts: 0 out of 100
  Number of Email Invocations: 0 out of 10
  Number of future calls: 0 out of 50
  Number of queueable jobs added to the queue: 0 out of 50
  Number of Mobile Apex push calls: 0 out of 10

02:47:30.78 (78713961)|CUMULATIVE_LIMIT_USAGE_END

02:47:30.0 (78754094)|CODE_UNIT_FINISHED|VF: /apex/CsvGraphic
02:47:30.0 (80146208)|EXECUTION_FINISHED
