36.0 APEX_CODE,INFO;APEX_PROFILING,INFO;CALLOUT,INFO;DB,INFO;SYSTEM,INFO;VALIDATION,INFO;VISUALFORCE,INFO;WORKFLOW,INFO
02:34:28.0 (385699)|USER_INFO|[EXTERNAL]|00541000000q0r2|andrey.korobovich@production.com|Pacific Standard Time|GMT-08:00
02:34:28.0 (419329)|EXECUTION_STARTED
02:34:28.0 (422867)|CODE_UNIT_STARTED|[EXTERNAL]|066410000062azV|VF: /apex/CsvGraphic
02:34:28.0 (2772074)|SYSTEM_MODE_ENTER|true
02:34:28.0 (3346078)|SYSTEM_MODE_ENTER|false
02:34:28.0 (3352928)|SYSTEM_MODE_EXIT|false
02:34:28.0 (3393534)|SYSTEM_MODE_ENTER|false
02:34:28.0 (3413002)|SYSTEM_MODE_EXIT|false
02:34:28.0 (3417006)|SYSTEM_MODE_ENTER|false
02:34:28.0 (3419317)|SYSTEM_MODE_EXIT|false
02:34:28.0 (52897565)|VF_SERIALIZE_VIEWSTATE_BEGIN|066410000062azV
02:34:28.0 (65568627)|VF_SERIALIZE_VIEWSTATE_END
02:34:28.0 (66196598)|CODE_UNIT_STARTED|[EXTERNAL]|Generate Metadata
02:34:28.0 (66864036)|CODE_UNIT_FINISHED|Generate Metadata
02:34:28.69 (69763349)|CUMULATIVE_LIMIT_USAGE
02:34:28.69 (69763349)|LIMIT_USAGE_FOR_NS|(default)|
  Number of SOQL queries: 0 out of 100
  Number of query rows: 0 out of 50000
  Number of SOSL queries: 0 out of 20
  Number of DML statements: 0 out of 150
  Number of DML rows: 0 out of 10000
  Maximum CPU time: 0 out of 10000
  Maximum heap size: 0 out of 6000000
  Number of callouts: 0 out of 100
  Number of Email Invocations: 0 out of 10
  Number of future calls: 0 out of 50
  Number of queueable jobs added to the queue: 0 out of 50
  Number of Mobile Apex push calls: 0 out of 10

02:34:28.69 (69763349)|CUMULATIVE_LIMIT_USAGE_END

02:34:28.0 (69798866)|CODE_UNIT_FINISHED|VF: /apex/CsvGraphic
02:34:28.0 (71204272)|EXECUTION_FINISHED
