36.0 APEX_CODE,INFO;APEX_PROFILING,INFO;CALLOUT,INFO;DB,INFO;SYSTEM,INFO;VALIDATION,INFO;VISUALFORCE,INFO;WORKFLOW,INFO
02:14:56.0 (376469)|USER_INFO|[EXTERNAL]|00541000000q0r2|andrey.korobovich@production.com|Pacific Standard Time|GMT-08:00
02:14:56.0 (415355)|EXECUTION_STARTED
02:14:56.0 (419654)|CODE_UNIT_STARTED|[EXTERNAL]|066410000062azV|VF: /apex/CsvGraphic
02:14:56.0 (1253035)|VF_DESERIALIZE_VIEWSTATE_BEGIN|066410000062azV
02:14:56.0 (13146931)|VF_DESERIALIZE_VIEWSTATE_END
02:14:56.0 (14119407)|SYSTEM_MODE_ENTER|false
02:14:56.0 (14129413)|SYSTEM_MODE_EXIT|false
02:14:56.0 (14147838)|SYSTEM_MODE_ENTER|false
02:14:56.0 (14493009)|SYSTEM_MODE_EXIT|false
02:14:56.0 (73570492)|SYSTEM_MODE_ENTER|true
02:14:56.0 (75624422)|VF_SERIALIZE_VIEWSTATE_BEGIN|066410000062azV
02:14:56.0 (93185278)|VF_SERIALIZE_VIEWSTATE_END
02:14:56.0 (93827637)|CODE_UNIT_STARTED|[EXTERNAL]|Generate Metadata
02:14:56.0 (94462595)|CODE_UNIT_FINISHED|Generate Metadata
02:14:56.99 (99001966)|CUMULATIVE_LIMIT_USAGE
02:14:56.99 (99001966)|LIMIT_USAGE_FOR_NS|(default)|
  Number of SOQL queries: 0 out of 100
  Number of query rows: 0 out of 50000
  Number of SOSL queries: 0 out of 20
  Number of DML statements: 0 out of 150
  Number of DML rows: 0 out of 10000
  Maximum CPU time: 0 out of 10000
  Maximum heap size: 0 out of 6000000
  Number of callouts: 0 out of 100
  Number of Email Invocations: 0 out of 10
  Number of future calls: 0 out of 50
  Number of queueable jobs added to the queue: 0 out of 50
  Number of Mobile Apex push calls: 0 out of 10

02:14:56.99 (99001966)|CUMULATIVE_LIMIT_USAGE_END

02:14:56.0 (99061251)|CODE_UNIT_FINISHED|VF: /apex/CsvGraphic
02:14:56.0 (101573734)|EXECUTION_FINISHED
