36.0 APEX_CODE,INFO;APEX_PROFILING,INFO;CALLOUT,INFO;DB,INFO;SYSTEM,INFO;VALIDATION,INFO;VISUALFORCE,INFO;WORKFLOW,INFO
03:32:27.0 (318728)|USER_INFO|[EXTERNAL]|00541000000q0r2|andrey.korobovich@production.com|Pacific Standard Time|GMT-08:00
03:32:27.0 (343931)|EXECUTION_STARTED
03:32:27.0 (349757)|CODE_UNIT_STARTED|[EXTERNAL]|066410000062azV|VF: /apex/CsvGraphic
03:32:27.0 (3255364)|SYSTEM_MODE_ENTER|true
03:32:27.0 (3928081)|SYSTEM_MODE_ENTER|false
03:32:27.0 (3938136)|SYSTEM_MODE_EXIT|false
03:32:27.0 (3970902)|SYSTEM_MODE_ENTER|false
03:32:27.0 (4002067)|SYSTEM_MODE_EXIT|false
03:32:27.0 (4011042)|SYSTEM_MODE_ENTER|false
03:32:27.0 (4014327)|SYSTEM_MODE_EXIT|false
03:32:27.0 (60232278)|VF_SERIALIZE_VIEWSTATE_BEGIN|066410000062azV
03:32:27.0 (69053146)|VF_SERIALIZE_VIEWSTATE_END
03:32:27.72 (72585137)|CUMULATIVE_LIMIT_USAGE
03:32:27.72 (72585137)|LIMIT_USAGE_FOR_NS|(default)|
  Number of SOQL queries: 0 out of 100
  Number of query rows: 0 out of 50000
  Number of SOSL queries: 0 out of 20
  Number of DML statements: 0 out of 150
  Number of DML rows: 0 out of 10000
  Maximum CPU time: 0 out of 10000
  Maximum heap size: 0 out of 6000000
  Number of callouts: 0 out of 100
  Number of Email Invocations: 0 out of 10
  Number of future calls: 0 out of 50
  Number of queueable jobs added to the queue: 0 out of 50
  Number of Mobile Apex push calls: 0 out of 10

03:32:27.72 (72585137)|CUMULATIVE_LIMIT_USAGE_END

03:32:27.0 (72626526)|CODE_UNIT_FINISHED|VF: /apex/CsvGraphic
03:32:27.0 (74429063)|EXECUTION_FINISHED
