36.0 APEX_CODE,INFO;APEX_PROFILING,INFO;CALLOUT,INFO;DB,INFO;SYSTEM,INFO;VALIDATION,INFO;VISUALFORCE,INFO;WORKFLOW,INFO
01:48:55.0 (330797)|USER_INFO|[EXTERNAL]|00541000000q0r2|andrey.korobovich@production.com|Pacific Standard Time|GMT-08:00
01:48:55.0 (363994)|EXECUTION_STARTED
01:48:55.0 (371170)|CODE_UNIT_STARTED|[EXTERNAL]|066410000062azV|VF: /apex/CsvGraphic
01:48:55.0 (3590445)|SYSTEM_MODE_ENTER|true
01:48:55.0 (4173091)|SYSTEM_MODE_ENTER|false
01:48:55.0 (4183322)|SYSTEM_MODE_EXIT|false
01:48:55.0 (4211215)|SYSTEM_MODE_ENTER|false
01:48:55.0 (4242011)|SYSTEM_MODE_EXIT|false
01:48:55.0 (4252402)|SYSTEM_MODE_ENTER|false
01:48:55.0 (4256704)|SYSTEM_MODE_EXIT|false
01:48:55.0 (56141215)|VF_SERIALIZE_VIEWSTATE_BEGIN|066410000062azV
01:48:55.0 (63049377)|VF_SERIALIZE_VIEWSTATE_END
01:48:55.0 (63923255)|CODE_UNIT_STARTED|[EXTERNAL]|Generate Metadata
01:48:55.0 (64628883)|CODE_UNIT_FINISHED|Generate Metadata
01:48:55.67 (67345194)|CUMULATIVE_LIMIT_USAGE
01:48:55.67 (67345194)|LIMIT_USAGE_FOR_NS|(default)|
  Number of SOQL queries: 0 out of 100
  Number of query rows: 0 out of 50000
  Number of SOSL queries: 0 out of 20
  Number of DML statements: 0 out of 150
  Number of DML rows: 0 out of 10000
  Maximum CPU time: 0 out of 10000
  Maximum heap size: 0 out of 6000000
  Number of callouts: 0 out of 100
  Number of Email Invocations: 0 out of 10
  Number of future calls: 0 out of 50
  Number of queueable jobs added to the queue: 0 out of 50
  Number of Mobile Apex push calls: 0 out of 10

01:48:55.67 (67345194)|CUMULATIVE_LIMIT_USAGE_END

01:48:55.0 (67381960)|CODE_UNIT_FINISHED|VF: /apex/CsvGraphic
01:48:55.0 (68622840)|EXECUTION_FINISHED
