38.0 APEX_CODE,INFO;APEX_PROFILING,INFO;CALLOUT,INFO;DB,INFO;SYSTEM,INFO;VALIDATION,INFO;VISUALFORCE,INFO;WORKFLOW,INFO
07:23:26.0 (45062)|USER_INFO|[EXTERNAL]|00541000000q0r2|andrey.korobovich@production.com|Pacific Standard Time|GMT-08:00
07:23:26.0 (73253)|EXECUTION_STARTED
07:23:26.0 (78486)|CODE_UNIT_STARTED|[EXTERNAL]|066410000062azV|VF: /apexremote
07:23:26.0 (955486)|CUMULATIVE_LIMIT_USAGE
07:23:26.0 (955486)|LIMIT_USAGE_FOR_NS|(default)|
  Number of SOQL queries: 0 out of 100
  Number of query rows: 0 out of 50000
  Number of SOSL queries: 0 out of 20
  Number of DML statements: 0 out of 150
  Number of DML rows: 0 out of 10000
  Maximum CPU time: 0 out of 10000
  Maximum heap size: 0 out of 6000000
  Number of callouts: 0 out of 100
  Number of Email Invocations: 0 out of 10
  Number of future calls: 0 out of 50
  Number of queueable jobs added to the queue: 0 out of 50
  Number of Mobile Apex push calls: 0 out of 10

07:23:26.0 (955486)|CUMULATIVE_LIMIT_USAGE_END

07:23:26.0 (995477)|CODE_UNIT_FINISHED|VF: /apexremote
07:23:26.0 (2555670)|EXECUTION_FINISHED
