38.0 APEX_CODE,INFO;APEX_PROFILING,INFO;CALLOUT,INFO;DB,INFO;SYSTEM,INFO;VALIDATION,INFO;VISUALFORCE,INFO;WORKFLOW,INFO
02:50:36.0 (62097)|USER_INFO|[EXTERNAL]|00541000000q0r2|andrey.korobovich@production.com|Pacific Standard Time|GMT-08:00
02:50:36.0 (99586)|EXECUTION_STARTED
02:50:36.0 (106613)|CODE_UNIT_STARTED|[EXTERNAL]|066410000062azV|VF: /apexremote
02:50:36.0 (219922)|CUMULATIVE_LIMIT_USAGE
02:50:36.0 (219922)|LIMIT_USAGE_FOR_NS|(default)|
  Number of SOQL queries: 0 out of 100
  Number of query rows: 0 out of 50000
  Number of SOSL queries: 0 out of 20
  Number of DML statements: 0 out of 150
  Number of DML rows: 0 out of 10000
  Maximum CPU time: 0 out of 10000
  Maximum heap size: 0 out of 6000000
  Number of callouts: 0 out of 100
  Number of Email Invocations: 0 out of 10
  Number of future calls: 0 out of 50
  Number of queueable jobs added to the queue: 0 out of 50
  Number of Mobile Apex push calls: 0 out of 10

02:50:36.0 (219922)|CUMULATIVE_LIMIT_USAGE_END

02:50:36.0 (255478)|CODE_UNIT_FINISHED|VF: /apexremote
02:50:36.0 (2291524)|EXECUTION_FINISHED
