38.0 APEX_CODE,INFO;APEX_PROFILING,INFO;CALLOUT,INFO;DB,INFO;SYSTEM,INFO;VALIDATION,INFO;VISUALFORCE,INFO;WORKFLOW,INFO
07:11:40.0 (599323)|USER_INFO|[EXTERNAL]|00541000000q0r2|andrey.korobovich@production.com|Pacific Standard Time|GMT-08:00
07:11:40.0 (638250)|EXECUTION_STARTED
07:11:40.0 (644381)|CODE_UNIT_STARTED|[EXTERNAL]|VisualForce View State
07:11:40.0 (13173699)|CODE_UNIT_FINISHED|VisualForce View State
07:11:40.0 (14604841)|EXECUTION_FINISHED
07:11:40.18 (18324761)|USER_INFO|[EXTERNAL]|00541000000q0r2|andrey.korobovich@production.com|Pacific Standard Time|GMT-08:00
07:11:40.18 (18339247)|EXECUTION_STARTED
07:11:40.18 (18342779)|CODE_UNIT_STARTED|[EXTERNAL]|VF: /apex/editStaticResource.apexp
07:11:40.22 (22236652)|SYSTEM_MODE_ENTER|false
07:11:40.170 (170193488)|CUMULATIVE_LIMIT_USAGE
07:11:40.170 (170193488)|LIMIT_USAGE_FOR_NS|(default)|
  Number of SOQL queries: 0 out of 100
  Number of query rows: 0 out of 50000
  Number of SOSL queries: 0 out of 20
  Number of DML statements: 0 out of 150
  Number of DML rows: 0 out of 10000
  Maximum CPU time: 0 out of 10000
  Maximum heap size: 0 out of 6000000
  Number of callouts: 0 out of 100
  Number of Email Invocations: 0 out of 10
  Number of future calls: 0 out of 50
  Number of queueable jobs added to the queue: 0 out of 50
  Number of Mobile Apex push calls: 0 out of 10

07:11:40.170 (170193488)|CUMULATIVE_LIMIT_USAGE_END

07:11:40.18 (170252226)|CODE_UNIT_FINISHED|VF: /apex/editStaticResource.apexp
07:11:40.18 (171964675)|EXECUTION_FINISHED
