36.0 APEX_CODE,INFO;APEX_PROFILING,INFO;CALLOUT,INFO;DB,INFO;SYSTEM,INFO;VALIDATION,INFO;VISUALFORCE,INFO;WORKFLOW,INFO
03:31:02.0 (416708)|USER_INFO|[EXTERNAL]|00541000000q0r2|andrey.korobovich@production.com|Pacific Standard Time|GMT-08:00
03:31:02.0 (448260)|EXECUTION_STARTED
03:31:02.0 (453424)|CODE_UNIT_STARTED|[EXTERNAL]|066410000062azV|VF: /apex/CsvGraphic
03:31:02.0 (3410355)|SYSTEM_MODE_ENTER|true
03:31:02.0 (4078657)|SYSTEM_MODE_ENTER|false
03:31:02.0 (4089013)|SYSTEM_MODE_EXIT|false
03:31:02.0 (4118701)|SYSTEM_MODE_ENTER|false
03:31:02.0 (4147090)|SYSTEM_MODE_EXIT|false
03:31:02.0 (4154680)|SYSTEM_MODE_ENTER|false
03:31:02.0 (4158006)|SYSTEM_MODE_EXIT|false
03:31:02.0 (79404469)|VF_SERIALIZE_VIEWSTATE_BEGIN|066410000062azV
03:31:02.0 (88420743)|VF_SERIALIZE_VIEWSTATE_END
03:31:02.92 (92886471)|CUMULATIVE_LIMIT_USAGE
03:31:02.92 (92886471)|LIMIT_USAGE_FOR_NS|(default)|
  Number of SOQL queries: 0 out of 100
  Number of query rows: 0 out of 50000
  Number of SOSL queries: 0 out of 20
  Number of DML statements: 0 out of 150
  Number of DML rows: 0 out of 10000
  Maximum CPU time: 0 out of 10000
  Maximum heap size: 0 out of 6000000
  Number of callouts: 0 out of 100
  Number of Email Invocations: 0 out of 10
  Number of future calls: 0 out of 50
  Number of queueable jobs added to the queue: 0 out of 50
  Number of Mobile Apex push calls: 0 out of 10

03:31:02.92 (92886471)|CUMULATIVE_LIMIT_USAGE_END

03:31:02.0 (92945248)|CODE_UNIT_FINISHED|VF: /apex/CsvGraphic
03:31:02.0 (94398114)|EXECUTION_FINISHED
