36.0 APEX_CODE,INFO;APEX_PROFILING,INFO;CALLOUT,INFO;DB,INFO;SYSTEM,INFO;VALIDATION,INFO;VISUALFORCE,INFO;WORKFLOW,INFO
07:23:02.0 (381752)|USER_INFO|[EXTERNAL]|00541000000q0r2|andrey.korobovich@production.com|Pacific Standard Time|GMT-08:00
07:23:02.0 (409469)|EXECUTION_STARTED
07:23:02.0 (413902)|CODE_UNIT_STARTED|[EXTERNAL]|066410000062azV|VF: /apex/CsvGraphic
07:23:02.0 (2422412)|SYSTEM_MODE_ENTER|true
07:23:02.0 (2982861)|SYSTEM_MODE_ENTER|false
07:23:02.0 (2989576)|SYSTEM_MODE_EXIT|false
07:23:02.0 (3009384)|SYSTEM_MODE_ENTER|false
07:23:02.0 (3027406)|SYSTEM_MODE_EXIT|false
07:23:02.0 (3031269)|SYSTEM_MODE_ENTER|false
07:23:02.0 (3032982)|SYSTEM_MODE_EXIT|false
07:23:02.0 (55220520)|VF_SERIALIZE_VIEWSTATE_BEGIN|066410000062azV
07:23:02.0 (73303890)|VF_SERIALIZE_VIEWSTATE_END
07:23:02.0 (74008801)|CODE_UNIT_STARTED|[EXTERNAL]|Generate Metadata
07:23:02.0 (74433158)|CODE_UNIT_FINISHED|Generate Metadata
07:23:02.78 (78023717)|CUMULATIVE_LIMIT_USAGE
07:23:02.78 (78023717)|LIMIT_USAGE_FOR_NS|(default)|
  Number of SOQL queries: 0 out of 100
  Number of query rows: 0 out of 50000
  Number of SOSL queries: 0 out of 20
  Number of DML statements: 0 out of 150
  Number of DML rows: 0 out of 10000
  Maximum CPU time: 0 out of 10000
  Maximum heap size: 0 out of 6000000
  Number of callouts: 0 out of 100
  Number of Email Invocations: 0 out of 10
  Number of future calls: 0 out of 50
  Number of queueable jobs added to the queue: 0 out of 50
  Number of Mobile Apex push calls: 0 out of 10

07:23:02.78 (78023717)|CUMULATIVE_LIMIT_USAGE_END

07:23:02.0 (78077850)|CODE_UNIT_FINISHED|VF: /apex/CsvGraphic
07:23:02.0 (79619021)|EXECUTION_FINISHED
