36.0 APEX_CODE,INFO;APEX_PROFILING,INFO;CALLOUT,INFO;DB,INFO;SYSTEM,INFO;VALIDATION,INFO;VISUALFORCE,INFO;WORKFLOW,INFO
03:17:21.0 (412338)|USER_INFO|[EXTERNAL]|00541000000q0r2|andrey.korobovich@production.com|Pacific Standard Time|GMT-08:00
03:17:21.0 (446905)|EXECUTION_STARTED
03:17:21.0 (453793)|CODE_UNIT_STARTED|[EXTERNAL]|066410000062azV|VF: /apex/CsvGraphic
03:17:21.0 (41991703)|SYSTEM_MODE_ENTER|true
03:17:21.0 (42698334)|SYSTEM_MODE_ENTER|false
03:17:21.0 (42706044)|SYSTEM_MODE_EXIT|false
03:17:21.0 (42730179)|SYSTEM_MODE_ENTER|false
03:17:21.0 (42748243)|SYSTEM_MODE_EXIT|false
03:17:21.0 (42752314)|SYSTEM_MODE_ENTER|false
03:17:21.0 (42754202)|SYSTEM_MODE_EXIT|false
03:17:21.0 (101524010)|VF_SERIALIZE_VIEWSTATE_BEGIN|066410000062azV
03:17:21.0 (112456150)|VF_SERIALIZE_VIEWSTATE_END
03:17:21.0 (113529777)|CODE_UNIT_STARTED|[EXTERNAL]|Generate Metadata
03:17:21.0 (114342507)|CODE_UNIT_FINISHED|Generate Metadata
03:17:21.118 (118527858)|CUMULATIVE_LIMIT_USAGE
03:17:21.118 (118527858)|LIMIT_USAGE_FOR_NS|(default)|
  Number of SOQL queries: 0 out of 100
  Number of query rows: 0 out of 50000
  Number of SOSL queries: 0 out of 20
  Number of DML statements: 0 out of 150
  Number of DML rows: 0 out of 10000
  Maximum CPU time: 0 out of 10000
  Maximum heap size: 0 out of 6000000
  Number of callouts: 0 out of 100
  Number of Email Invocations: 0 out of 10
  Number of future calls: 0 out of 50
  Number of queueable jobs added to the queue: 0 out of 50
  Number of Mobile Apex push calls: 0 out of 10

03:17:21.118 (118527858)|CUMULATIVE_LIMIT_USAGE_END

03:17:21.0 (118593147)|CODE_UNIT_FINISHED|VF: /apex/CsvGraphic
03:17:21.0 (119974371)|EXECUTION_FINISHED
