36.0 APEX_CODE,INFO;APEX_PROFILING,INFO;CALLOUT,INFO;DB,INFO;SYSTEM,INFO;VALIDATION,INFO;VISUALFORCE,INFO;WORKFLOW,INFO
07:16:11.0 (517891)|USER_INFO|[EXTERNAL]|00541000000q0r2|andrey.korobovich@production.com|Pacific Standard Time|GMT-08:00
07:16:11.0 (556122)|EXECUTION_STARTED
07:16:11.0 (562452)|CODE_UNIT_STARTED|[EXTERNAL]|066410000062azV|VF: /apex/CsvGraphic
07:16:11.0 (10466258)|SYSTEM_MODE_ENTER|true
07:16:11.0 (11483767)|SYSTEM_MODE_ENTER|false
07:16:11.0 (11494997)|SYSTEM_MODE_EXIT|false
07:16:11.0 (11541448)|SYSTEM_MODE_ENTER|false
07:16:11.0 (11573278)|SYSTEM_MODE_EXIT|false
07:16:11.0 (11581220)|SYSTEM_MODE_ENTER|false
07:16:11.0 (11584972)|SYSTEM_MODE_EXIT|false
07:16:11.0 (135834195)|VF_SERIALIZE_VIEWSTATE_BEGIN|066410000062azV
07:16:11.0 (161989782)|VF_SERIALIZE_VIEWSTATE_END
07:16:11.167 (167143032)|CUMULATIVE_LIMIT_USAGE
07:16:11.167 (167143032)|LIMIT_USAGE_FOR_NS|(default)|
  Number of SOQL queries: 0 out of 100
  Number of query rows: 0 out of 50000
  Number of SOSL queries: 0 out of 20
  Number of DML statements: 0 out of 150
  Number of DML rows: 0 out of 10000
  Maximum CPU time: 0 out of 10000
  Maximum heap size: 0 out of 6000000
  Number of callouts: 0 out of 100
  Number of Email Invocations: 0 out of 10
  Number of future calls: 0 out of 50
  Number of queueable jobs added to the queue: 0 out of 50
  Number of Mobile Apex push calls: 0 out of 10

07:16:11.167 (167143032)|CUMULATIVE_LIMIT_USAGE_END

07:16:11.0 (167196600)|CODE_UNIT_FINISHED|VF: /apex/CsvGraphic
07:16:11.0 (168960041)|EXECUTION_FINISHED
