36.0 APEX_CODE,INFO;APEX_PROFILING,INFO;CALLOUT,INFO;DB,INFO;SYSTEM,INFO;VALIDATION,INFO;VISUALFORCE,INFO;WORKFLOW,INFO
03:26:28.0 (404956)|USER_INFO|[EXTERNAL]|00541000000q0r2|andrey.korobovich@production.com|Pacific Standard Time|GMT-08:00
03:26:28.0 (437255)|EXECUTION_STARTED
03:26:28.0 (441901)|CODE_UNIT_STARTED|[EXTERNAL]|066410000062azV|VF: /apex/CsvGraphic
03:26:28.0 (36871247)|SYSTEM_MODE_ENTER|true
03:26:28.0 (37472088)|SYSTEM_MODE_ENTER|false
03:26:28.0 (37480283)|SYSTEM_MODE_EXIT|false
03:26:28.0 (37503146)|SYSTEM_MODE_ENTER|false
03:26:28.0 (37525357)|SYSTEM_MODE_EXIT|false
03:26:28.0 (37529935)|SYSTEM_MODE_ENTER|false
03:26:28.0 (37531683)|SYSTEM_MODE_EXIT|false
03:26:28.0 (87581305)|VF_SERIALIZE_VIEWSTATE_BEGIN|066410000062azV
03:26:28.0 (103844543)|VF_SERIALIZE_VIEWSTATE_END
03:26:28.0 (104477651)|CODE_UNIT_STARTED|[EXTERNAL]|Generate Metadata
03:26:28.0 (105153178)|CODE_UNIT_FINISHED|Generate Metadata
03:26:28.108 (108407937)|CUMULATIVE_LIMIT_USAGE
03:26:28.108 (108407937)|LIMIT_USAGE_FOR_NS|(default)|
  Number of SOQL queries: 0 out of 100
  Number of query rows: 0 out of 50000
  Number of SOSL queries: 0 out of 20
  Number of DML statements: 0 out of 150
  Number of DML rows: 0 out of 10000
  Maximum CPU time: 0 out of 10000
  Maximum heap size: 0 out of 6000000
  Number of callouts: 0 out of 100
  Number of Email Invocations: 0 out of 10
  Number of future calls: 0 out of 50
  Number of queueable jobs added to the queue: 0 out of 50
  Number of Mobile Apex push calls: 0 out of 10

03:26:28.108 (108407937)|CUMULATIVE_LIMIT_USAGE_END

03:26:28.0 (108452617)|CODE_UNIT_FINISHED|VF: /apex/CsvGraphic
03:26:28.0 (109407614)|EXECUTION_FINISHED
