36.0 APEX_CODE,INFO;APEX_PROFILING,INFO;CALLOUT,INFO;DB,INFO;SYSTEM,INFO;VALIDATION,INFO;VISUALFORCE,INFO;WORKFLOW,INFO
01:52:24.0 (379112)|USER_INFO|[EXTERNAL]|00541000000q0r2|andrey.korobovich@production.com|Pacific Standard Time|GMT-08:00
01:52:24.0 (409785)|EXECUTION_STARTED
01:52:24.0 (417281)|CODE_UNIT_STARTED|[EXTERNAL]|066410000062azV|VF: /apex/CsvGraphic
01:52:24.0 (2857392)|SYSTEM_MODE_ENTER|true
01:52:24.0 (3469576)|SYSTEM_MODE_ENTER|false
01:52:24.0 (3479198)|SYSTEM_MODE_EXIT|false
01:52:24.0 (3505238)|SYSTEM_MODE_ENTER|false
01:52:24.0 (3523437)|SYSTEM_MODE_EXIT|false
01:52:24.0 (3527736)|SYSTEM_MODE_ENTER|false
01:52:24.0 (3530679)|SYSTEM_MODE_EXIT|false
01:52:24.0 (54209219)|SYSTEM_MODE_ENTER|true
01:52:24.0 (56115134)|VF_SERIALIZE_VIEWSTATE_BEGIN|066410000062azV
01:52:24.0 (63165447)|VF_SERIALIZE_VIEWSTATE_END
01:52:24.0 (63751037)|CODE_UNIT_STARTED|[EXTERNAL]|Generate Metadata
01:52:24.0 (64418938)|CODE_UNIT_FINISHED|Generate Metadata
01:52:24.66 (66992946)|CUMULATIVE_LIMIT_USAGE
01:52:24.66 (66992946)|LIMIT_USAGE_FOR_NS|(default)|
  Number of SOQL queries: 0 out of 100
  Number of query rows: 0 out of 50000
  Number of SOSL queries: 0 out of 20
  Number of DML statements: 0 out of 150
  Number of DML rows: 0 out of 10000
  Maximum CPU time: 0 out of 10000
  Maximum heap size: 0 out of 6000000
  Number of callouts: 0 out of 100
  Number of Email Invocations: 0 out of 10
  Number of future calls: 0 out of 50
  Number of queueable jobs added to the queue: 0 out of 50
  Number of Mobile Apex push calls: 0 out of 10

01:52:24.66 (66992946)|CUMULATIVE_LIMIT_USAGE_END

01:52:24.0 (67035500)|CODE_UNIT_FINISHED|VF: /apex/CsvGraphic
01:52:24.0 (68127397)|EXECUTION_FINISHED
