36.0 APEX_CODE,INFO;APEX_PROFILING,INFO;CALLOUT,INFO;DB,INFO;SYSTEM,INFO;VALIDATION,INFO;VISUALFORCE,INFO;WORKFLOW,INFO
01:32:40.0 (321922)|USER_INFO|[EXTERNAL]|00541000000q0r2|andrey.korobovich@production.com|Pacific Standard Time|GMT-08:00
01:32:40.0 (349225)|EXECUTION_STARTED
01:32:40.0 (354147)|CODE_UNIT_STARTED|[EXTERNAL]|066410000062azV|VF: /apex/CsvGraphic
01:32:40.0 (2248555)|SYSTEM_MODE_ENTER|true
01:32:40.0 (2780611)|SYSTEM_MODE_ENTER|false
01:32:40.0 (2787386)|SYSTEM_MODE_EXIT|false
01:32:40.0 (2807193)|SYSTEM_MODE_ENTER|false
01:32:40.0 (2824263)|SYSTEM_MODE_EXIT|false
01:32:40.0 (2827884)|SYSTEM_MODE_ENTER|false
01:32:40.0 (2829746)|SYSTEM_MODE_EXIT|false
01:32:40.0 (52330833)|VF_SERIALIZE_VIEWSTATE_BEGIN|066410000062azV
01:32:40.0 (65169118)|VF_SERIALIZE_VIEWSTATE_END
01:32:40.0 (65693601)|CODE_UNIT_STARTED|[EXTERNAL]|Generate Metadata
01:32:40.0 (66115894)|CODE_UNIT_FINISHED|Generate Metadata
01:32:40.69 (69100761)|CUMULATIVE_LIMIT_USAGE
01:32:40.69 (69100761)|LIMIT_USAGE_FOR_NS|(default)|
  Number of SOQL queries: 0 out of 100
  Number of query rows: 0 out of 50000
  Number of SOSL queries: 0 out of 20
  Number of DML statements: 0 out of 150
  Number of DML rows: 0 out of 10000
  Maximum CPU time: 0 out of 10000
  Maximum heap size: 0 out of 6000000
  Number of callouts: 0 out of 100
  Number of Email Invocations: 0 out of 10
  Number of future calls: 0 out of 50
  Number of queueable jobs added to the queue: 0 out of 50
  Number of Mobile Apex push calls: 0 out of 10

01:32:40.69 (69100761)|CUMULATIVE_LIMIT_USAGE_END

01:32:40.0 (69136822)|CODE_UNIT_FINISHED|VF: /apex/CsvGraphic
01:32:40.0 (70490451)|EXECUTION_FINISHED
