36.0 APEX_CODE,INFO;APEX_PROFILING,INFO;CALLOUT,INFO;DB,INFO;SYSTEM,INFO;VALIDATION,INFO;VISUALFORCE,INFO;WORKFLOW,INFO
07:18:18.0 (80835)|USER_INFO|[EXTERNAL]|00541000000q0r2|andrey.korobovich@production.com|Pacific Standard Time|GMT-08:00
07:18:18.0 (118809)|EXECUTION_STARTED
07:18:18.0 (125356)|CODE_UNIT_STARTED|[EXTERNAL]|066410000062azV|VF: /apex/CsvGraphic
07:18:18.0 (5541901)|SYSTEM_MODE_ENTER|true
07:18:18.0 (6210109)|SYSTEM_MODE_ENTER|false
07:18:18.0 (6220878)|SYSTEM_MODE_EXIT|false
07:18:18.0 (6240215)|SYSTEM_MODE_ENTER|false
07:18:18.0 (6264064)|SYSTEM_MODE_EXIT|false
07:18:18.0 (6269438)|SYSTEM_MODE_ENTER|false
07:18:18.0 (6271800)|SYSTEM_MODE_EXIT|false
07:18:18.0 (54898102)|VF_SERIALIZE_VIEWSTATE_BEGIN|066410000062azV
07:18:18.0 (66824226)|VF_SERIALIZE_VIEWSTATE_END
07:18:18.0 (67575137)|CODE_UNIT_STARTED|[EXTERNAL]|Generate Metadata
07:18:18.0 (67973929)|CODE_UNIT_FINISHED|Generate Metadata
07:18:18.71 (71105103)|CUMULATIVE_LIMIT_USAGE
07:18:18.71 (71105103)|LIMIT_USAGE_FOR_NS|(default)|
  Number of SOQL queries: 0 out of 100
  Number of query rows: 0 out of 50000
  Number of SOSL queries: 0 out of 20
  Number of DML statements: 0 out of 150
  Number of DML rows: 0 out of 10000
  Maximum CPU time: 0 out of 10000
  Maximum heap size: 0 out of 6000000
  Number of callouts: 0 out of 100
  Number of Email Invocations: 0 out of 10
  Number of future calls: 0 out of 50
  Number of queueable jobs added to the queue: 0 out of 50
  Number of Mobile Apex push calls: 0 out of 10

07:18:18.71 (71105103)|CUMULATIVE_LIMIT_USAGE_END

07:18:18.0 (71142974)|CODE_UNIT_FINISHED|VF: /apex/CsvGraphic
07:18:18.0 (72214332)|EXECUTION_FINISHED
