36.0 APEX_CODE,INFO;APEX_PROFILING,INFO;CALLOUT,INFO;DB,INFO;SYSTEM,INFO;VALIDATION,INFO;VISUALFORCE,INFO;WORKFLOW,INFO
01:58:59.0 (438802)|USER_INFO|[EXTERNAL]|00541000000q0r2|andrey.korobovich@production.com|Pacific Standard Time|GMT-08:00
01:58:59.0 (485390)|EXECUTION_STARTED
01:58:59.0 (491741)|CODE_UNIT_STARTED|[EXTERNAL]|066410000062azV|VF: /apex/CsvGraphic
01:58:59.0 (88567009)|SYSTEM_MODE_ENTER|true
01:58:59.0 (89366166)|SYSTEM_MODE_ENTER|false
01:58:59.0 (89376790)|SYSTEM_MODE_EXIT|false
01:58:59.0 (89444106)|SYSTEM_MODE_ENTER|false
01:58:59.0 (89476915)|SYSTEM_MODE_EXIT|false
01:58:59.0 (89485527)|SYSTEM_MODE_ENTER|false
01:58:59.0 (89489577)|SYSTEM_MODE_EXIT|false
01:58:59.0 (242687016)|SYSTEM_MODE_ENTER|true
01:58:59.0 (263705720)|VF_SERIALIZE_VIEWSTATE_BEGIN|066410000062azV
01:58:59.0 (296262304)|VF_SERIALIZE_VIEWSTATE_END
01:58:59.0 (297051253)|CODE_UNIT_STARTED|[EXTERNAL]|Generate Metadata
01:58:59.0 (298093172)|CODE_UNIT_FINISHED|Generate Metadata
01:58:59.317 (317590174)|CUMULATIVE_LIMIT_USAGE
01:58:59.317 (317590174)|LIMIT_USAGE_FOR_NS|(default)|
  Number of SOQL queries: 0 out of 100
  Number of query rows: 0 out of 50000
  Number of SOSL queries: 0 out of 20
  Number of DML statements: 0 out of 150
  Number of DML rows: 0 out of 10000
  Maximum CPU time: 0 out of 10000
  Maximum heap size: 0 out of 6000000
  Number of callouts: 0 out of 100
  Number of Email Invocations: 0 out of 10
  Number of future calls: 0 out of 50
  Number of queueable jobs added to the queue: 0 out of 50
  Number of Mobile Apex push calls: 0 out of 10

01:58:59.317 (317590174)|CUMULATIVE_LIMIT_USAGE_END

01:58:59.0 (317642184)|CODE_UNIT_FINISHED|VF: /apex/CsvGraphic
01:58:59.0 (318823216)|EXECUTION_FINISHED
