36.0 APEX_CODE,INFO;APEX_PROFILING,INFO;CALLOUT,INFO;DB,INFO;SYSTEM,INFO;VALIDATION,INFO;VISUALFORCE,INFO;WORKFLOW,INFO
02:11:44.0 (353266)|USER_INFO|[EXTERNAL]|00541000000q0r2|andrey.korobovich@production.com|Pacific Standard Time|GMT-08:00
02:11:44.0 (393341)|EXECUTION_STARTED
02:11:44.0 (399068)|CODE_UNIT_STARTED|[EXTERNAL]|066410000062azV|VF: /apex/CsvGraphic
02:11:44.0 (48659111)|SYSTEM_MODE_ENTER|true
02:11:44.0 (49138656)|SYSTEM_MODE_ENTER|false
02:11:44.0 (49145182)|SYSTEM_MODE_EXIT|false
02:11:44.0 (49181481)|SYSTEM_MODE_ENTER|false
02:11:44.0 (49201278)|SYSTEM_MODE_EXIT|false
02:11:44.0 (49205835)|SYSTEM_MODE_ENTER|false
02:11:44.0 (49208687)|SYSTEM_MODE_EXIT|false
02:11:44.0 (96020481)|SYSTEM_MODE_ENTER|true
02:11:44.0 (97675365)|VF_SERIALIZE_VIEWSTATE_BEGIN|066410000062azV
02:11:44.0 (113542073)|VF_SERIALIZE_VIEWSTATE_END
02:11:44.0 (114016114)|CODE_UNIT_STARTED|[EXTERNAL]|Generate Metadata
02:11:44.0 (114408927)|CODE_UNIT_FINISHED|Generate Metadata
02:11:44.119 (119897732)|CUMULATIVE_LIMIT_USAGE
02:11:44.119 (119897732)|LIMIT_USAGE_FOR_NS|(default)|
  Number of SOQL queries: 0 out of 100
  Number of query rows: 0 out of 50000
  Number of SOSL queries: 0 out of 20
  Number of DML statements: 0 out of 150
  Number of DML rows: 0 out of 10000
  Maximum CPU time: 0 out of 10000
  Maximum heap size: 0 out of 6000000
  Number of callouts: 0 out of 100
  Number of Email Invocations: 0 out of 10
  Number of future calls: 0 out of 50
  Number of queueable jobs added to the queue: 0 out of 50
  Number of Mobile Apex push calls: 0 out of 10

02:11:44.119 (119897732)|CUMULATIVE_LIMIT_USAGE_END

02:11:44.0 (119939142)|CODE_UNIT_FINISHED|VF: /apex/CsvGraphic
02:11:44.0 (122124107)|EXECUTION_FINISHED
