36.0 APEX_CODE,INFO;APEX_PROFILING,INFO;CALLOUT,INFO;DB,INFO;SYSTEM,INFO;VALIDATION,INFO;VISUALFORCE,INFO;WORKFLOW,INFO
02:32:24.0 (306091)|USER_INFO|[EXTERNAL]|00541000000q0r2|andrey.korobovich@production.com|Pacific Standard Time|GMT-08:00
02:32:24.0 (333114)|EXECUTION_STARTED
02:32:24.0 (337937)|CODE_UNIT_STARTED|[EXTERNAL]|066410000062azV|VF: /apex/CsvGraphic
02:32:24.0 (6878008)|SYSTEM_MODE_ENTER|true
02:32:24.0 (7370241)|SYSTEM_MODE_ENTER|false
02:32:24.0 (7379411)|SYSTEM_MODE_EXIT|false
02:32:24.0 (7431042)|SYSTEM_MODE_ENTER|false
02:32:24.0 (7453137)|SYSTEM_MODE_EXIT|false
02:32:24.0 (7458386)|SYSTEM_MODE_ENTER|false
02:32:24.0 (7460906)|SYSTEM_MODE_EXIT|false
02:32:24.0 (59557023)|VF_SERIALIZE_VIEWSTATE_BEGIN|066410000062azV
02:32:24.0 (75272831)|VF_SERIALIZE_VIEWSTATE_END
02:32:24.0 (75965367)|CODE_UNIT_STARTED|[EXTERNAL]|Generate Metadata
02:32:24.0 (76856885)|CODE_UNIT_FINISHED|Generate Metadata
02:32:24.80 (80027935)|CUMULATIVE_LIMIT_USAGE
02:32:24.80 (80027935)|LIMIT_USAGE_FOR_NS|(default)|
  Number of SOQL queries: 0 out of 100
  Number of query rows: 0 out of 50000
  Number of SOSL queries: 0 out of 20
  Number of DML statements: 0 out of 150
  Number of DML rows: 0 out of 10000
  Maximum CPU time: 0 out of 10000
  Maximum heap size: 0 out of 6000000
  Number of callouts: 0 out of 100
  Number of Email Invocations: 0 out of 10
  Number of future calls: 0 out of 50
  Number of queueable jobs added to the queue: 0 out of 50
  Number of Mobile Apex push calls: 0 out of 10

02:32:24.80 (80027935)|CUMULATIVE_LIMIT_USAGE_END

02:32:24.0 (80065626)|CODE_UNIT_FINISHED|VF: /apex/CsvGraphic
02:32:24.0 (81392696)|EXECUTION_FINISHED
