36.0 APEX_CODE,INFO;APEX_PROFILING,INFO;CALLOUT,INFO;DB,INFO;SYSTEM,INFO;VALIDATION,INFO;VISUALFORCE,INFO;WORKFLOW,INFO
03:03:41.0 (96523)|USER_INFO|[EXTERNAL]|00541000000q0r2|andrey.korobovich@production.com|Pacific Standard Time|GMT-08:00
03:03:41.0 (139029)|EXECUTION_STARTED
03:03:41.0 (146139)|CODE_UNIT_STARTED|[EXTERNAL]|066410000062azV|VF: /apex/CsvGraphic
03:03:41.0 (2200082)|SYSTEM_MODE_ENTER|true
03:03:41.0 (2784946)|SYSTEM_MODE_ENTER|false
03:03:41.0 (2790988)|SYSTEM_MODE_EXIT|false
03:03:41.0 (2805332)|SYSTEM_MODE_ENTER|false
03:03:41.0 (2824441)|SYSTEM_MODE_EXIT|false
03:03:41.0 (2828324)|SYSTEM_MODE_ENTER|false
03:03:41.0 (2830800)|SYSTEM_MODE_EXIT|false
03:03:41.0 (50399931)|VF_SERIALIZE_VIEWSTATE_BEGIN|066410000062azV
03:03:41.0 (69917274)|VF_SERIALIZE_VIEWSTATE_END
03:03:41.0 (70512647)|CODE_UNIT_STARTED|[EXTERNAL]|Generate Metadata
03:03:41.0 (71184604)|CODE_UNIT_FINISHED|Generate Metadata
03:03:41.75 (75017783)|CUMULATIVE_LIMIT_USAGE
03:03:41.75 (75017783)|LIMIT_USAGE_FOR_NS|(default)|
  Number of SOQL queries: 0 out of 100
  Number of query rows: 0 out of 50000
  Number of SOSL queries: 0 out of 20
  Number of DML statements: 0 out of 150
  Number of DML rows: 0 out of 10000
  Maximum CPU time: 0 out of 10000
  Maximum heap size: 0 out of 6000000
  Number of callouts: 0 out of 100
  Number of Email Invocations: 0 out of 10
  Number of future calls: 0 out of 50
  Number of queueable jobs added to the queue: 0 out of 50
  Number of Mobile Apex push calls: 0 out of 10

03:03:41.75 (75017783)|CUMULATIVE_LIMIT_USAGE_END

03:03:41.0 (75060493)|CODE_UNIT_FINISHED|VF: /apex/CsvGraphic
03:03:41.0 (76361665)|EXECUTION_FINISHED
