36.0 APEX_CODE,INFO;APEX_PROFILING,INFO;CALLOUT,INFO;DB,INFO;SYSTEM,INFO;VALIDATION,INFO;VISUALFORCE,INFO;WORKFLOW,INFO
07:22:58.0 (322295)|USER_INFO|[EXTERNAL]|00541000000q0r2|andrey.korobovich@production.com|Pacific Standard Time|GMT-08:00
07:22:58.0 (349998)|EXECUTION_STARTED
07:22:58.0 (353679)|CODE_UNIT_STARTED|[EXTERNAL]|066410000062azV|VF: /apex/CsvGraphic
07:22:58.0 (2217253)|SYSTEM_MODE_ENTER|true
07:22:58.0 (2727141)|SYSTEM_MODE_ENTER|false
07:22:58.0 (2733463)|SYSTEM_MODE_EXIT|false
07:22:58.0 (2750669)|SYSTEM_MODE_ENTER|false
07:22:58.0 (2766612)|SYSTEM_MODE_EXIT|false
07:22:58.0 (2770584)|SYSTEM_MODE_ENTER|false
07:22:58.0 (2772288)|SYSTEM_MODE_EXIT|false
07:22:58.0 (56410935)|VF_SERIALIZE_VIEWSTATE_BEGIN|066410000062azV
07:22:58.0 (68157054)|VF_SERIALIZE_VIEWSTATE_END
07:22:58.0 (68841942)|CODE_UNIT_STARTED|[EXTERNAL]|Generate Metadata
07:22:58.0 (69513219)|CODE_UNIT_FINISHED|Generate Metadata
07:22:58.72 (72757240)|CUMULATIVE_LIMIT_USAGE
07:22:58.72 (72757240)|LIMIT_USAGE_FOR_NS|(default)|
  Number of SOQL queries: 0 out of 100
  Number of query rows: 0 out of 50000
  Number of SOSL queries: 0 out of 20
  Number of DML statements: 0 out of 150
  Number of DML rows: 0 out of 10000
  Maximum CPU time: 0 out of 10000
  Maximum heap size: 0 out of 6000000
  Number of callouts: 0 out of 100
  Number of Email Invocations: 0 out of 10
  Number of future calls: 0 out of 50
  Number of queueable jobs added to the queue: 0 out of 50
  Number of Mobile Apex push calls: 0 out of 10

07:22:58.72 (72757240)|CUMULATIVE_LIMIT_USAGE_END

07:22:58.0 (72796520)|CODE_UNIT_FINISHED|VF: /apex/CsvGraphic
07:22:58.0 (73787223)|EXECUTION_FINISHED
