36.0 APEX_CODE,INFO;APEX_PROFILING,INFO;CALLOUT,INFO;DB,INFO;SYSTEM,INFO;VALIDATION,INFO;VISUALFORCE,INFO;WORKFLOW,INFO
02:09:22.0 (334982)|USER_INFO|[EXTERNAL]|00541000000q0r2|andrey.korobovich@production.com|Pacific Standard Time|GMT-08:00
02:09:22.0 (362839)|EXECUTION_STARTED
02:09:22.0 (367222)|CODE_UNIT_STARTED|[EXTERNAL]|066410000062azV|VF: /apex/CsvGraphic
02:09:22.0 (1880583)|SYSTEM_MODE_ENTER|true
02:09:22.0 (2403961)|SYSTEM_MODE_ENTER|false
02:09:22.0 (2411762)|SYSTEM_MODE_EXIT|false
02:09:22.0 (2433427)|SYSTEM_MODE_ENTER|false
02:09:22.0 (2461493)|SYSTEM_MODE_EXIT|false
02:09:22.0 (2470435)|SYSTEM_MODE_ENTER|false
02:09:22.0 (2476058)|SYSTEM_MODE_EXIT|false
02:09:22.0 (51805419)|SYSTEM_MODE_ENTER|true
02:09:22.0 (53433825)|VF_SERIALIZE_VIEWSTATE_BEGIN|066410000062azV
02:09:22.0 (68149732)|VF_SERIALIZE_VIEWSTATE_END
02:09:22.0 (68803672)|CODE_UNIT_STARTED|[EXTERNAL]|Generate Metadata
02:09:22.0 (69751488)|CODE_UNIT_FINISHED|Generate Metadata
02:09:22.73 (73261742)|CUMULATIVE_LIMIT_USAGE
02:09:22.73 (73261742)|LIMIT_USAGE_FOR_NS|(default)|
  Number of SOQL queries: 0 out of 100
  Number of query rows: 0 out of 50000
  Number of SOSL queries: 0 out of 20
  Number of DML statements: 0 out of 150
  Number of DML rows: 0 out of 10000
  Maximum CPU time: 0 out of 10000
  Maximum heap size: 0 out of 6000000
  Number of callouts: 0 out of 100
  Number of Email Invocations: 0 out of 10
  Number of future calls: 0 out of 50
  Number of queueable jobs added to the queue: 0 out of 50
  Number of Mobile Apex push calls: 0 out of 10

02:09:22.73 (73261742)|CUMULATIVE_LIMIT_USAGE_END

02:09:22.0 (73297329)|CODE_UNIT_FINISHED|VF: /apex/CsvGraphic
02:09:22.0 (75597708)|EXECUTION_FINISHED
