36.0 APEX_CODE,INFO;APEX_PROFILING,INFO;CALLOUT,INFO;DB,INFO;SYSTEM,INFO;VALIDATION,INFO;VISUALFORCE,INFO;WORKFLOW,INFO
02:45:01.0 (466418)|USER_INFO|[EXTERNAL]|00541000000q0r2|andrey.korobovich@production.com|Pacific Standard Time|GMT-08:00
02:45:01.0 (507048)|EXECUTION_STARTED
02:45:01.0 (515544)|CODE_UNIT_STARTED|[EXTERNAL]|066410000062azV|VF: /apex/CsvGraphic
02:45:01.0 (3047808)|SYSTEM_MODE_ENTER|true
02:45:01.0 (3642983)|SYSTEM_MODE_ENTER|false
02:45:01.0 (3652767)|SYSTEM_MODE_EXIT|false
02:45:01.0 (3705047)|SYSTEM_MODE_ENTER|false
02:45:01.0 (3736528)|SYSTEM_MODE_EXIT|false
02:45:01.0 (3748071)|SYSTEM_MODE_ENTER|false
02:45:01.0 (3753626)|SYSTEM_MODE_EXIT|false
02:45:01.0 (103912274)|VF_SERIALIZE_VIEWSTATE_BEGIN|066410000062azV
02:45:01.0 (118000419)|VF_SERIALIZE_VIEWSTATE_END
02:45:01.0 (118629252)|CODE_UNIT_STARTED|[EXTERNAL]|Generate Metadata
02:45:01.0 (119280738)|CODE_UNIT_FINISHED|Generate Metadata
02:45:01.122 (122577135)|CUMULATIVE_LIMIT_USAGE
02:45:01.122 (122577135)|LIMIT_USAGE_FOR_NS|(default)|
  Number of SOQL queries: 0 out of 100
  Number of query rows: 0 out of 50000
  Number of SOSL queries: 0 out of 20
  Number of DML statements: 0 out of 150
  Number of DML rows: 0 out of 10000
  Maximum CPU time: 0 out of 10000
  Maximum heap size: 0 out of 6000000
  Number of callouts: 0 out of 100
  Number of Email Invocations: 0 out of 10
  Number of future calls: 0 out of 50
  Number of queueable jobs added to the queue: 0 out of 50
  Number of Mobile Apex push calls: 0 out of 10

02:45:01.122 (122577135)|CUMULATIVE_LIMIT_USAGE_END

02:45:01.0 (122641279)|CODE_UNIT_FINISHED|VF: /apex/CsvGraphic
02:45:01.0 (124285628)|EXECUTION_FINISHED
