36.0 APEX_CODE,INFO;APEX_PROFILING,INFO;CALLOUT,INFO;DB,INFO;SYSTEM,INFO;VALIDATION,INFO;VISUALFORCE,INFO;WORKFLOW,INFO
02:13:16.0 (391667)|USER_INFO|[EXTERNAL]|00541000000q0r2|andrey.korobovich@production.com|Pacific Standard Time|GMT-08:00
02:13:16.0 (419577)|EXECUTION_STARTED
02:13:16.0 (424203)|CODE_UNIT_STARTED|[EXTERNAL]|066410000062azV|VF: /apex/CsvGraphic
02:13:16.0 (6480137)|SYSTEM_MODE_ENTER|true
02:13:16.0 (6907881)|SYSTEM_MODE_ENTER|false
02:13:16.0 (6915264)|SYSTEM_MODE_EXIT|false
02:13:16.0 (6951699)|SYSTEM_MODE_ENTER|false
02:13:16.0 (6968507)|SYSTEM_MODE_EXIT|false
02:13:16.0 (6972746)|SYSTEM_MODE_ENTER|false
02:13:16.0 (6974814)|SYSTEM_MODE_EXIT|false
02:13:16.0 (56290488)|SYSTEM_MODE_ENTER|true
02:13:16.0 (57880376)|VF_SERIALIZE_VIEWSTATE_BEGIN|066410000062azV
02:13:16.0 (75396018)|VF_SERIALIZE_VIEWSTATE_END
02:13:16.0 (76021126)|CODE_UNIT_STARTED|[EXTERNAL]|Generate Metadata
02:13:16.0 (76679626)|CODE_UNIT_FINISHED|Generate Metadata
02:13:16.79 (79279941)|CUMULATIVE_LIMIT_USAGE
02:13:16.79 (79279941)|LIMIT_USAGE_FOR_NS|(default)|
  Number of SOQL queries: 0 out of 100
  Number of query rows: 0 out of 50000
  Number of SOSL queries: 0 out of 20
  Number of DML statements: 0 out of 150
  Number of DML rows: 0 out of 10000
  Maximum CPU time: 0 out of 10000
  Maximum heap size: 0 out of 6000000
  Number of callouts: 0 out of 100
  Number of Email Invocations: 0 out of 10
  Number of future calls: 0 out of 50
  Number of queueable jobs added to the queue: 0 out of 50
  Number of Mobile Apex push calls: 0 out of 10

02:13:16.79 (79279941)|CUMULATIVE_LIMIT_USAGE_END

02:13:16.0 (79327157)|CODE_UNIT_FINISHED|VF: /apex/CsvGraphic
02:13:16.0 (80872525)|EXECUTION_FINISHED
