36.0 APEX_CODE,INFO;APEX_PROFILING,INFO;CALLOUT,INFO;DB,INFO;SYSTEM,INFO;VALIDATION,INFO;VISUALFORCE,INFO;WORKFLOW,INFO
07:26:42.0 (432080)|USER_INFO|[EXTERNAL]|00541000000q0r2|andrey.korobovich@production.com|Pacific Standard Time|GMT-08:00
07:26:42.0 (471621)|EXECUTION_STARTED
07:26:42.0 (477991)|CODE_UNIT_STARTED|[EXTERNAL]|066410000062azV|VF: /apex/CsvGraphic
07:26:42.0 (3245819)|SYSTEM_MODE_ENTER|true
07:26:42.0 (3908220)|SYSTEM_MODE_ENTER|false
07:26:42.0 (3914497)|SYSTEM_MODE_EXIT|false
07:26:42.0 (3925880)|SYSTEM_MODE_ENTER|false
07:26:42.0 (3942882)|SYSTEM_MODE_EXIT|false
07:26:42.0 (3946547)|SYSTEM_MODE_ENTER|false
07:26:42.0 (3948192)|SYSTEM_MODE_EXIT|false
07:26:42.0 (54030680)|VF_SERIALIZE_VIEWSTATE_BEGIN|066410000062azV
07:26:42.0 (62951851)|VF_SERIALIZE_VIEWSTATE_END
07:26:42.0 (63722184)|CODE_UNIT_STARTED|[EXTERNAL]|Generate Metadata
07:26:42.0 (64461032)|CODE_UNIT_FINISHED|Generate Metadata
07:26:42.68 (68104023)|CUMULATIVE_LIMIT_USAGE
07:26:42.68 (68104023)|LIMIT_USAGE_FOR_NS|(default)|
  Number of SOQL queries: 0 out of 100
  Number of query rows: 0 out of 50000
  Number of SOSL queries: 0 out of 20
  Number of DML statements: 0 out of 150
  Number of DML rows: 0 out of 10000
  Maximum CPU time: 0 out of 10000
  Maximum heap size: 0 out of 6000000
  Number of callouts: 0 out of 100
  Number of Email Invocations: 0 out of 10
  Number of future calls: 0 out of 50
  Number of queueable jobs added to the queue: 0 out of 50
  Number of Mobile Apex push calls: 0 out of 10

07:26:42.68 (68104023)|CUMULATIVE_LIMIT_USAGE_END

07:26:42.0 (68143297)|CODE_UNIT_FINISHED|VF: /apex/CsvGraphic
07:26:42.0 (69577114)|EXECUTION_FINISHED
