36.0 APEX_CODE,INFO;APEX_PROFILING,INFO;CALLOUT,INFO;DB,INFO;SYSTEM,INFO;VALIDATION,INFO;VISUALFORCE,INFO;WORKFLOW,INFO
07:26:46.0 (348604)|USER_INFO|[EXTERNAL]|00541000000q0r2|andrey.korobovich@production.com|Pacific Standard Time|GMT-08:00
07:26:46.0 (377818)|EXECUTION_STARTED
07:26:46.0 (381795)|CODE_UNIT_STARTED|[EXTERNAL]|066410000062azV|VF: /apex/CsvGraphic
07:26:46.0 (7778267)|SYSTEM_MODE_ENTER|true
07:26:46.0 (8327679)|SYSTEM_MODE_ENTER|false
07:26:46.0 (8334404)|SYSTEM_MODE_EXIT|false
07:26:46.0 (8353875)|SYSTEM_MODE_ENTER|false
07:26:46.0 (8372385)|SYSTEM_MODE_EXIT|false
07:26:46.0 (8376623)|SYSTEM_MODE_ENTER|false
07:26:46.0 (8380174)|SYSTEM_MODE_EXIT|false
07:26:46.0 (63264882)|VF_SERIALIZE_VIEWSTATE_BEGIN|066410000062azV
07:26:46.0 (78041237)|VF_SERIALIZE_VIEWSTATE_END
07:26:46.0 (78696161)|CODE_UNIT_STARTED|[EXTERNAL]|Generate Metadata
07:26:46.0 (79082009)|CODE_UNIT_FINISHED|Generate Metadata
07:26:46.82 (82344107)|CUMULATIVE_LIMIT_USAGE
07:26:46.82 (82344107)|LIMIT_USAGE_FOR_NS|(default)|
  Number of SOQL queries: 0 out of 100
  Number of query rows: 0 out of 50000
  Number of SOSL queries: 0 out of 20
  Number of DML statements: 0 out of 150
  Number of DML rows: 0 out of 10000
  Maximum CPU time: 0 out of 10000
  Maximum heap size: 0 out of 6000000
  Number of callouts: 0 out of 100
  Number of Email Invocations: 0 out of 10
  Number of future calls: 0 out of 50
  Number of queueable jobs added to the queue: 0 out of 50
  Number of Mobile Apex push calls: 0 out of 10

07:26:46.82 (82344107)|CUMULATIVE_LIMIT_USAGE_END

07:26:46.0 (82387584)|CODE_UNIT_FINISHED|VF: /apex/CsvGraphic
07:26:46.0 (83777278)|EXECUTION_FINISHED
