36.0 APEX_CODE,INFO;APEX_PROFILING,INFO;CALLOUT,INFO;DB,INFO;SYSTEM,INFO;VALIDATION,INFO;VISUALFORCE,INFO;WORKFLOW,INFO
02:09:29.0 (321553)|USER_INFO|[EXTERNAL]|00541000000q0r2|andrey.korobovich@production.com|Pacific Standard Time|GMT-08:00
02:09:29.0 (356767)|EXECUTION_STARTED
02:09:29.0 (362236)|CODE_UNIT_STARTED|[EXTERNAL]|066410000062azV|VF: /apex/CsvGraphic
02:09:29.0 (907883)|VF_DESERIALIZE_VIEWSTATE_BEGIN|066410000062azV
02:09:29.0 (13590007)|VF_DESERIALIZE_VIEWSTATE_END
02:09:29.0 (15400838)|SYSTEM_MODE_ENTER|false
02:09:29.0 (15411059)|SYSTEM_MODE_EXIT|false
02:09:29.0 (15435261)|SYSTEM_MODE_ENTER|false
02:09:29.0 (15766735)|SYSTEM_MODE_EXIT|false
02:09:29.0 (103437261)|SYSTEM_MODE_ENTER|true
02:09:29.0 (105263161)|VF_SERIALIZE_VIEWSTATE_BEGIN|066410000062azV
02:09:29.0 (112945762)|VF_SERIALIZE_VIEWSTATE_END
02:09:29.0 (113538035)|CODE_UNIT_STARTED|[EXTERNAL]|Generate Metadata
02:09:29.0 (114180563)|CODE_UNIT_FINISHED|Generate Metadata
02:09:29.117 (117289039)|CUMULATIVE_LIMIT_USAGE
02:09:29.117 (117289039)|LIMIT_USAGE_FOR_NS|(default)|
  Number of SOQL queries: 0 out of 100
  Number of query rows: 0 out of 50000
  Number of SOSL queries: 0 out of 20
  Number of DML statements: 0 out of 150
  Number of DML rows: 0 out of 10000
  Maximum CPU time: 0 out of 10000
  Maximum heap size: 0 out of 6000000
  Number of callouts: 0 out of 100
  Number of Email Invocations: 0 out of 10
  Number of future calls: 0 out of 50
  Number of queueable jobs added to the queue: 0 out of 50
  Number of Mobile Apex push calls: 0 out of 10

02:09:29.117 (117289039)|CUMULATIVE_LIMIT_USAGE_END

02:09:29.0 (117334418)|CODE_UNIT_FINISHED|VF: /apex/CsvGraphic
02:09:29.0 (118404969)|EXECUTION_FINISHED
