36.0 APEX_CODE,INFO;APEX_PROFILING,INFO;CALLOUT,INFO;DB,INFO;SYSTEM,INFO;VALIDATION,INFO;VISUALFORCE,INFO;WORKFLOW,INFO
07:18:17.0 (439859)|USER_INFO|[EXTERNAL]|00541000000q0r2|andrey.korobovich@production.com|Pacific Standard Time|GMT-08:00
07:18:17.0 (476697)|EXECUTION_STARTED
07:18:17.0 (483122)|CODE_UNIT_STARTED|[EXTERNAL]|066410000062azV|VF: /apex/CsvGraphic
07:18:17.0 (3189311)|SYSTEM_MODE_ENTER|true
07:18:17.0 (4913308)|SYSTEM_MODE_ENTER|false
07:18:17.0 (4923708)|SYSTEM_MODE_EXIT|false
07:18:17.0 (4969810)|SYSTEM_MODE_ENTER|false
07:18:17.0 (4999567)|SYSTEM_MODE_EXIT|false
07:18:17.0 (5007980)|SYSTEM_MODE_ENTER|false
07:18:17.0 (5012134)|SYSTEM_MODE_EXIT|false
07:18:17.0 (161275190)|VF_SERIALIZE_VIEWSTATE_BEGIN|066410000062azV
07:18:17.0 (196035173)|VF_SERIALIZE_VIEWSTATE_END
07:18:17.0 (197097720)|CODE_UNIT_STARTED|[EXTERNAL]|Generate Metadata
07:18:17.0 (198218885)|CODE_UNIT_FINISHED|Generate Metadata
07:18:17.203 (203300164)|CUMULATIVE_LIMIT_USAGE
07:18:17.203 (203300164)|LIMIT_USAGE_FOR_NS|(default)|
  Number of SOQL queries: 0 out of 100
  Number of query rows: 0 out of 50000
  Number of SOSL queries: 0 out of 20
  Number of DML statements: 0 out of 150
  Number of DML rows: 0 out of 10000
  Maximum CPU time: 0 out of 10000
  Maximum heap size: 0 out of 6000000
  Number of callouts: 0 out of 100
  Number of Email Invocations: 0 out of 10
  Number of future calls: 0 out of 50
  Number of queueable jobs added to the queue: 0 out of 50
  Number of Mobile Apex push calls: 0 out of 10

07:18:17.203 (203300164)|CUMULATIVE_LIMIT_USAGE_END

07:18:17.0 (203361878)|CODE_UNIT_FINISHED|VF: /apex/CsvGraphic
07:18:17.0 (205030565)|EXECUTION_FINISHED
