36.0 APEX_CODE,INFO;APEX_PROFILING,INFO;CALLOUT,INFO;DB,INFO;SYSTEM,INFO;VALIDATION,INFO;VISUALFORCE,INFO;WORKFLOW,INFO
07:18:32.0 (335585)|USER_INFO|[EXTERNAL]|00541000000q0r2|andrey.korobovich@production.com|Pacific Standard Time|GMT-08:00
07:18:32.0 (363960)|EXECUTION_STARTED
07:18:32.0 (368479)|CODE_UNIT_STARTED|[EXTERNAL]|066410000062azV|VF: /apex/CsvGraphic
07:18:32.0 (8474635)|SYSTEM_MODE_ENTER|true
07:18:32.0 (9076749)|SYSTEM_MODE_ENTER|false
07:18:32.0 (9091841)|SYSTEM_MODE_EXIT|false
07:18:32.0 (9116118)|SYSTEM_MODE_ENTER|false
07:18:32.0 (9138111)|SYSTEM_MODE_EXIT|false
07:18:32.0 (9142904)|SYSTEM_MODE_ENTER|false
07:18:32.0 (9144806)|SYSTEM_MODE_EXIT|false
07:18:32.0 (63317655)|VF_SERIALIZE_VIEWSTATE_BEGIN|066410000062azV
07:18:32.0 (82329787)|VF_SERIALIZE_VIEWSTATE_END
07:18:32.0 (83196541)|CODE_UNIT_STARTED|[EXTERNAL]|Generate Metadata
07:18:32.0 (83775271)|CODE_UNIT_FINISHED|Generate Metadata
07:18:32.87 (87584943)|CUMULATIVE_LIMIT_USAGE
07:18:32.87 (87584943)|LIMIT_USAGE_FOR_NS|(default)|
  Number of SOQL queries: 0 out of 100
  Number of query rows: 0 out of 50000
  Number of SOSL queries: 0 out of 20
  Number of DML statements: 0 out of 150
  Number of DML rows: 0 out of 10000
  Maximum CPU time: 0 out of 10000
  Maximum heap size: 0 out of 6000000
  Number of callouts: 0 out of 100
  Number of Email Invocations: 0 out of 10
  Number of future calls: 0 out of 50
  Number of queueable jobs added to the queue: 0 out of 50
  Number of Mobile Apex push calls: 0 out of 10

07:18:32.87 (87584943)|CUMULATIVE_LIMIT_USAGE_END

07:18:32.0 (87629233)|CODE_UNIT_FINISHED|VF: /apex/CsvGraphic
07:18:32.0 (89480934)|EXECUTION_FINISHED
