38.0 APEX_CODE,INFO;APEX_PROFILING,INFO;CALLOUT,INFO;DB,INFO;SYSTEM,INFO;VALIDATION,INFO;VISUALFORCE,INFO;WORKFLOW,INFO
07:06:21.2 (2411472)|USER_INFO|[EXTERNAL]|00541000000q0r2|andrey.korobovich@production.com|Pacific Standard Time|GMT-08:00
07:06:21.2 (2442773)|EXECUTION_STARTED
07:06:21.2 (2448384)|CODE_UNIT_STARTED|[EXTERNAL]|aura
07:06:21.2 (4731322)|CODE_UNIT_STARTED|[EXTERNAL]|01p4100000Ee1LJ|ContactController.getNews
07:06:21.2 (5003253)|SYSTEM_MODE_ENTER|false
07:06:21.2 (5018045)|SYSTEM_MODE_EXIT|false
07:06:21.2 (5033827)|SYSTEM_MODE_ENTER|false
07:06:21.2 (6792591)|SOQL_EXECUTE_BEGIN|[14]|Aggregations:0|Select Id, Name From Contact Where Id = :recId
07:06:21.2 (14485727)|SOQL_EXECUTE_END|[14]|Rows:1
07:06:21.2 (60009011)|CALLOUT_REQUEST|[32]|System.HttpRequest[Endpoint=https://kgsearch.googleapis.com/v1/entities:search?query=Coca%2BCola&key=AIzaSyCf3z7saOfhW43w06ZxlhAcyYYBC1tazhQ&limit=5&indent=True, Method=GET]
07:06:21.2 (478336436)|CALLOUT_RESPONSE|[32]|System.HttpResponse[Status=OK, StatusCode=200]
07:06:21.2 (478784290)|SYSTEM_MODE_EXIT|false
07:06:21.482 (482309967)|CUMULATIVE_LIMIT_USAGE
07:06:21.482 (482309967)|LIMIT_USAGE_FOR_NS|(default)|
  Number of SOQL queries: 1 out of 100
  Number of query rows: 1 out of 50000
  Number of SOSL queries: 0 out of 20
  Number of DML statements: 0 out of 150
  Number of DML rows: 0 out of 10000
  Maximum CPU time: 0 out of 10000
  Maximum heap size: 0 out of 6000000
  Number of callouts: 1 out of 100
  Number of Email Invocations: 0 out of 10
  Number of future calls: 0 out of 50
  Number of queueable jobs added to the queue: 0 out of 50
  Number of Mobile Apex push calls: 0 out of 10

07:06:21.482 (482309967)|CUMULATIVE_LIMIT_USAGE_END

07:06:21.2 (482366061)|CODE_UNIT_FINISHED|ContactController.getNews
