36.0 APEX_CODE,INFO;APEX_PROFILING,INFO;CALLOUT,INFO;DB,INFO;SYSTEM,INFO;VALIDATION,INFO;VISUALFORCE,INFO;WORKFLOW,INFO
01:31:22.0 (538704)|USER_INFO|[EXTERNAL]|00541000000q0r2|andrey.korobovich@production.com|Pacific Standard Time|GMT-08:00
01:31:22.0 (574845)|EXECUTION_STARTED
01:31:22.0 (580230)|CODE_UNIT_STARTED|[EXTERNAL]|066410000062azV|VF: /apex/CsvGraphic
01:31:22.0 (2838787)|SYSTEM_MODE_ENTER|true
01:31:22.0 (3448693)|SYSTEM_MODE_ENTER|false
01:31:22.0 (3460729)|SYSTEM_MODE_EXIT|false
01:31:22.0 (3496246)|SYSTEM_MODE_ENTER|false
01:31:22.0 (3531416)|SYSTEM_MODE_EXIT|false
01:31:22.0 (3537783)|SYSTEM_MODE_ENTER|false
01:31:22.0 (3539716)|SYSTEM_MODE_EXIT|false
01:31:22.0 (59134039)|VF_SERIALIZE_VIEWSTATE_BEGIN|066410000062azV
01:31:22.0 (69876382)|VF_SERIALIZE_VIEWSTATE_END
01:31:22.0 (70424607)|CODE_UNIT_STARTED|[EXTERNAL]|Generate Metadata
01:31:22.0 (71008648)|CODE_UNIT_FINISHED|Generate Metadata
01:31:22.73 (73438926)|CUMULATIVE_LIMIT_USAGE
01:31:22.73 (73438926)|LIMIT_USAGE_FOR_NS|(default)|
  Number of SOQL queries: 0 out of 100
  Number of query rows: 0 out of 50000
  Number of SOSL queries: 0 out of 20
  Number of DML statements: 0 out of 150
  Number of DML rows: 0 out of 10000
  Maximum CPU time: 0 out of 10000
  Maximum heap size: 0 out of 6000000
  Number of callouts: 0 out of 100
  Number of Email Invocations: 0 out of 10
  Number of future calls: 0 out of 50
  Number of queueable jobs added to the queue: 0 out of 50
  Number of Mobile Apex push calls: 0 out of 10

01:31:22.73 (73438926)|CUMULATIVE_LIMIT_USAGE_END

01:31:22.0 (73473768)|CODE_UNIT_FINISHED|VF: /apex/CsvGraphic
01:31:22.0 (75170543)|EXECUTION_FINISHED
