36.0 APEX_CODE,INFO;APEX_PROFILING,INFO;CALLOUT,INFO;DB,INFO;SYSTEM,INFO;VALIDATION,INFO;VISUALFORCE,INFO;WORKFLOW,INFO
02:33:03.0 (337241)|USER_INFO|[EXTERNAL]|00541000000q0r2|andrey.korobovich@production.com|Pacific Standard Time|GMT-08:00
02:33:03.0 (370722)|EXECUTION_STARTED
02:33:03.0 (375357)|CODE_UNIT_STARTED|[EXTERNAL]|066410000062azV|VF: /apex/CsvGraphic
02:33:03.0 (2609719)|SYSTEM_MODE_ENTER|true
02:33:03.0 (3212692)|SYSTEM_MODE_ENTER|false
02:33:03.0 (3218647)|SYSTEM_MODE_EXIT|false
02:33:03.0 (3255581)|SYSTEM_MODE_ENTER|false
02:33:03.0 (3275538)|SYSTEM_MODE_EXIT|false
02:33:03.0 (3279815)|SYSTEM_MODE_ENTER|false
02:33:03.0 (3282442)|SYSTEM_MODE_EXIT|false
02:33:03.0 (53400905)|VF_SERIALIZE_VIEWSTATE_BEGIN|066410000062azV
02:33:03.0 (67789288)|VF_SERIALIZE_VIEWSTATE_END
02:33:03.0 (68448344)|CODE_UNIT_STARTED|[EXTERNAL]|Generate Metadata
02:33:03.0 (69156061)|CODE_UNIT_FINISHED|Generate Metadata
02:33:03.72 (72321744)|CUMULATIVE_LIMIT_USAGE
02:33:03.72 (72321744)|LIMIT_USAGE_FOR_NS|(default)|
  Number of SOQL queries: 0 out of 100
  Number of query rows: 0 out of 50000
  Number of SOSL queries: 0 out of 20
  Number of DML statements: 0 out of 150
  Number of DML rows: 0 out of 10000
  Maximum CPU time: 0 out of 10000
  Maximum heap size: 0 out of 6000000
  Number of callouts: 0 out of 100
  Number of Email Invocations: 0 out of 10
  Number of future calls: 0 out of 50
  Number of queueable jobs added to the queue: 0 out of 50
  Number of Mobile Apex push calls: 0 out of 10

02:33:03.72 (72321744)|CUMULATIVE_LIMIT_USAGE_END

02:33:03.0 (72371139)|CODE_UNIT_FINISHED|VF: /apex/CsvGraphic
02:33:03.0 (73373386)|EXECUTION_FINISHED
