36.0 APEX_CODE,INFO;APEX_PROFILING,INFO;CALLOUT,INFO;DB,INFO;SYSTEM,INFO;VALIDATION,INFO;VISUALFORCE,INFO;WORKFLOW,INFO
01:37:25.0 (431598)|USER_INFO|[EXTERNAL]|00541000000q0r2|andrey.korobovich@production.com|Pacific Standard Time|GMT-08:00
01:37:25.0 (467872)|EXECUTION_STARTED
01:37:25.0 (475094)|CODE_UNIT_STARTED|[EXTERNAL]|066410000062azV|VF: /apex/CsvGraphic
01:37:25.0 (2713057)|SYSTEM_MODE_ENTER|true
01:37:25.0 (3279183)|SYSTEM_MODE_ENTER|false
01:37:25.0 (3287944)|SYSTEM_MODE_EXIT|false
01:37:25.0 (3309875)|SYSTEM_MODE_ENTER|false
01:37:25.0 (3327885)|SYSTEM_MODE_EXIT|false
01:37:25.0 (3331840)|SYSTEM_MODE_ENTER|false
01:37:25.0 (3333795)|SYSTEM_MODE_EXIT|false
01:37:25.0 (58560506)|VF_SERIALIZE_VIEWSTATE_BEGIN|066410000062azV
01:37:25.0 (71570069)|VF_SERIALIZE_VIEWSTATE_END
01:37:25.0 (72182772)|CODE_UNIT_STARTED|[EXTERNAL]|Generate Metadata
01:37:25.0 (72855144)|CODE_UNIT_FINISHED|Generate Metadata
01:37:25.75 (75985134)|CUMULATIVE_LIMIT_USAGE
01:37:25.75 (75985134)|LIMIT_USAGE_FOR_NS|(default)|
  Number of SOQL queries: 0 out of 100
  Number of query rows: 0 out of 50000
  Number of SOSL queries: 0 out of 20
  Number of DML statements: 0 out of 150
  Number of DML rows: 0 out of 10000
  Maximum CPU time: 0 out of 10000
  Maximum heap size: 0 out of 6000000
  Number of callouts: 0 out of 100
  Number of Email Invocations: 0 out of 10
  Number of future calls: 0 out of 50
  Number of queueable jobs added to the queue: 0 out of 50
  Number of Mobile Apex push calls: 0 out of 10

01:37:25.75 (75985134)|CUMULATIVE_LIMIT_USAGE_END

01:37:25.0 (76024215)|CODE_UNIT_FINISHED|VF: /apex/CsvGraphic
01:37:25.0 (77415822)|EXECUTION_FINISHED
