36.0 APEX_CODE,INFO;APEX_PROFILING,INFO;CALLOUT,INFO;DB,INFO;SYSTEM,INFO;VALIDATION,INFO;VISUALFORCE,INFO;WORKFLOW,INFO
01:51:46.0 (354659)|USER_INFO|[EXTERNAL]|00541000000q0r2|andrey.korobovich@production.com|Pacific Standard Time|GMT-08:00
01:51:46.0 (386549)|EXECUTION_STARTED
01:51:46.0 (391481)|CODE_UNIT_STARTED|[EXTERNAL]|066410000062azV|VF: /apex/CsvGraphic
01:51:46.0 (2875642)|SYSTEM_MODE_ENTER|true
01:51:46.0 (3381744)|SYSTEM_MODE_ENTER|false
01:51:46.0 (3388245)|SYSTEM_MODE_EXIT|false
01:51:46.0 (3425932)|SYSTEM_MODE_ENTER|false
01:51:46.0 (3443409)|SYSTEM_MODE_EXIT|false
01:51:46.0 (3448088)|SYSTEM_MODE_ENTER|false
01:51:46.0 (3450104)|SYSTEM_MODE_EXIT|false
01:51:46.0 (52782352)|VF_SERIALIZE_VIEWSTATE_BEGIN|066410000062azV
01:51:46.0 (65162123)|VF_SERIALIZE_VIEWSTATE_END
01:51:46.0 (65752381)|CODE_UNIT_STARTED|[EXTERNAL]|Generate Metadata
01:51:46.0 (66441966)|CODE_UNIT_FINISHED|Generate Metadata
01:51:46.68 (68971032)|CUMULATIVE_LIMIT_USAGE
01:51:46.68 (68971032)|LIMIT_USAGE_FOR_NS|(default)|
  Number of SOQL queries: 0 out of 100
  Number of query rows: 0 out of 50000
  Number of SOSL queries: 0 out of 20
  Number of DML statements: 0 out of 150
  Number of DML rows: 0 out of 10000
  Maximum CPU time: 0 out of 10000
  Maximum heap size: 0 out of 6000000
  Number of callouts: 0 out of 100
  Number of Email Invocations: 0 out of 10
  Number of future calls: 0 out of 50
  Number of queueable jobs added to the queue: 0 out of 50
  Number of Mobile Apex push calls: 0 out of 10

01:51:46.68 (68971032)|CUMULATIVE_LIMIT_USAGE_END

01:51:46.0 (69007054)|CODE_UNIT_FINISHED|VF: /apex/CsvGraphic
01:51:46.0 (69955537)|EXECUTION_FINISHED
