36.0 APEX_CODE,INFO;APEX_PROFILING,INFO;CALLOUT,INFO;DB,INFO;SYSTEM,INFO;VALIDATION,INFO;VISUALFORCE,INFO;WORKFLOW,INFO
02:14:50.0 (380431)|USER_INFO|[EXTERNAL]|00541000000q0r2|andrey.korobovich@production.com|Pacific Standard Time|GMT-08:00
02:14:50.0 (422109)|EXECUTION_STARTED
02:14:50.0 (427323)|CODE_UNIT_STARTED|[EXTERNAL]|066410000062azV|VF: /apex/CsvGraphic
02:14:50.0 (2379127)|SYSTEM_MODE_ENTER|true
02:14:50.0 (2947354)|SYSTEM_MODE_ENTER|false
02:14:50.0 (2954447)|SYSTEM_MODE_EXIT|false
02:14:50.0 (2992847)|SYSTEM_MODE_ENTER|false
02:14:50.0 (3023901)|SYSTEM_MODE_EXIT|false
02:14:50.0 (3039937)|SYSTEM_MODE_ENTER|false
02:14:50.0 (3045300)|SYSTEM_MODE_EXIT|false
02:14:50.0 (59020812)|SYSTEM_MODE_ENTER|true
02:14:50.0 (60642651)|VF_SERIALIZE_VIEWSTATE_BEGIN|066410000062azV
02:14:50.0 (74208584)|VF_SERIALIZE_VIEWSTATE_END
02:14:50.0 (74915992)|CODE_UNIT_STARTED|[EXTERNAL]|Generate Metadata
02:14:50.0 (75557564)|CODE_UNIT_FINISHED|Generate Metadata
02:14:50.78 (78397465)|CUMULATIVE_LIMIT_USAGE
02:14:50.78 (78397465)|LIMIT_USAGE_FOR_NS|(default)|
  Number of SOQL queries: 0 out of 100
  Number of query rows: 0 out of 50000
  Number of SOSL queries: 0 out of 20
  Number of DML statements: 0 out of 150
  Number of DML rows: 0 out of 10000
  Maximum CPU time: 0 out of 10000
  Maximum heap size: 0 out of 6000000
  Number of callouts: 0 out of 100
  Number of Email Invocations: 0 out of 10
  Number of future calls: 0 out of 50
  Number of queueable jobs added to the queue: 0 out of 50
  Number of Mobile Apex push calls: 0 out of 10

02:14:50.78 (78397465)|CUMULATIVE_LIMIT_USAGE_END

02:14:50.0 (78440021)|CODE_UNIT_FINISHED|VF: /apex/CsvGraphic
02:14:50.0 (79582327)|EXECUTION_FINISHED
