36.0 APEX_CODE,INFO;APEX_PROFILING,INFO;CALLOUT,INFO;DB,INFO;SYSTEM,INFO;VALIDATION,INFO;VISUALFORCE,INFO;WORKFLOW,INFO
02:31:49.0 (330083)|USER_INFO|[EXTERNAL]|00541000000q0r2|andrey.korobovich@production.com|Pacific Standard Time|GMT-08:00
02:31:49.0 (369372)|EXECUTION_STARTED
02:31:49.0 (374509)|CODE_UNIT_STARTED|[EXTERNAL]|066410000062azV|VF: /apex/CsvGraphic
02:31:49.0 (2394681)|SYSTEM_MODE_ENTER|true
02:31:49.0 (2859991)|SYSTEM_MODE_ENTER|false
02:31:49.0 (2865213)|SYSTEM_MODE_EXIT|false
02:31:49.0 (2901176)|SYSTEM_MODE_ENTER|false
02:31:49.0 (2919316)|SYSTEM_MODE_EXIT|false
02:31:49.0 (2924145)|SYSTEM_MODE_ENTER|false
02:31:49.0 (2926837)|SYSTEM_MODE_EXIT|false
02:31:49.0 (61234917)|VF_SERIALIZE_VIEWSTATE_BEGIN|066410000062azV
02:31:49.0 (70173136)|VF_SERIALIZE_VIEWSTATE_END
02:31:49.0 (71047912)|CODE_UNIT_STARTED|[EXTERNAL]|Generate Metadata
02:31:49.0 (71929293)|CODE_UNIT_FINISHED|Generate Metadata
02:31:49.75 (75423792)|CUMULATIVE_LIMIT_USAGE
02:31:49.75 (75423792)|LIMIT_USAGE_FOR_NS|(default)|
  Number of SOQL queries: 0 out of 100
  Number of query rows: 0 out of 50000
  Number of SOSL queries: 0 out of 20
  Number of DML statements: 0 out of 150
  Number of DML rows: 0 out of 10000
  Maximum CPU time: 0 out of 10000
  Maximum heap size: 0 out of 6000000
  Number of callouts: 0 out of 100
  Number of Email Invocations: 0 out of 10
  Number of future calls: 0 out of 50
  Number of queueable jobs added to the queue: 0 out of 50
  Number of Mobile Apex push calls: 0 out of 10

02:31:49.75 (75423792)|CUMULATIVE_LIMIT_USAGE_END

02:31:49.0 (75473637)|CODE_UNIT_FINISHED|VF: /apex/CsvGraphic
02:31:49.0 (76600925)|EXECUTION_FINISHED
