36.0 APEX_CODE,INFO;APEX_PROFILING,INFO;CALLOUT,INFO;DB,INFO;SYSTEM,INFO;VALIDATION,INFO;VISUALFORCE,INFO;WORKFLOW,INFO
03:03:00.0 (310816)|USER_INFO|[EXTERNAL]|00541000000q0r2|andrey.korobovich@production.com|Pacific Standard Time|GMT-08:00
03:03:00.0 (346445)|EXECUTION_STARTED
03:03:00.0 (351224)|CODE_UNIT_STARTED|[EXTERNAL]|066410000062azV|VF: /apex/CsvGraphic
03:03:00.0 (7263075)|SYSTEM_MODE_ENTER|true
03:03:00.0 (8010883)|SYSTEM_MODE_ENTER|false
03:03:00.0 (8017704)|SYSTEM_MODE_EXIT|false
03:03:00.0 (8058759)|SYSTEM_MODE_ENTER|false
03:03:00.0 (8079843)|SYSTEM_MODE_EXIT|false
03:03:00.0 (8084098)|SYSTEM_MODE_ENTER|false
03:03:00.0 (8087114)|SYSTEM_MODE_EXIT|false
03:03:00.0 (65901961)|VF_SERIALIZE_VIEWSTATE_BEGIN|066410000062azV
03:03:00.0 (85308205)|VF_SERIALIZE_VIEWSTATE_END
03:03:00.0 (86066853)|CODE_UNIT_STARTED|[EXTERNAL]|Generate Metadata
03:03:00.0 (87068658)|CODE_UNIT_FINISHED|Generate Metadata
03:03:00.90 (90994169)|CUMULATIVE_LIMIT_USAGE
03:03:00.90 (90994169)|LIMIT_USAGE_FOR_NS|(default)|
  Number of SOQL queries: 0 out of 100
  Number of query rows: 0 out of 50000
  Number of SOSL queries: 0 out of 20
  Number of DML statements: 0 out of 150
  Number of DML rows: 0 out of 10000
  Maximum CPU time: 0 out of 10000
  Maximum heap size: 0 out of 6000000
  Number of callouts: 0 out of 100
  Number of Email Invocations: 0 out of 10
  Number of future calls: 0 out of 50
  Number of queueable jobs added to the queue: 0 out of 50
  Number of Mobile Apex push calls: 0 out of 10

03:03:00.90 (90994169)|CUMULATIVE_LIMIT_USAGE_END

03:03:00.0 (91042626)|CODE_UNIT_FINISHED|VF: /apex/CsvGraphic
03:03:00.0 (92653525)|EXECUTION_FINISHED
