36.0 APEX_CODE,INFO;APEX_PROFILING,INFO;CALLOUT,INFO;DB,INFO;SYSTEM,INFO;VALIDATION,INFO;VISUALFORCE,INFO;WORKFLOW,INFO
01:40:51.0 (317910)|USER_INFO|[EXTERNAL]|00541000000q0r2|andrey.korobovich@production.com|Pacific Standard Time|GMT-08:00
01:40:51.0 (346661)|EXECUTION_STARTED
01:40:51.0 (352426)|CODE_UNIT_STARTED|[EXTERNAL]|066410000062azV|VF: /apex/CsvGraphic
01:40:51.0 (5884813)|SYSTEM_MODE_ENTER|true
01:40:51.0 (6327403)|SYSTEM_MODE_ENTER|false
01:40:51.0 (6333374)|SYSTEM_MODE_EXIT|false
01:40:51.0 (6356354)|SYSTEM_MODE_ENTER|false
01:40:51.0 (6373741)|SYSTEM_MODE_EXIT|false
01:40:51.0 (6378054)|SYSTEM_MODE_ENTER|false
01:40:51.0 (6379855)|SYSTEM_MODE_EXIT|false
01:40:51.0 (60603583)|VF_SERIALIZE_VIEWSTATE_BEGIN|066410000062azV
01:40:51.0 (79410472)|VF_SERIALIZE_VIEWSTATE_END
01:40:51.0 (80399588)|CODE_UNIT_STARTED|[EXTERNAL]|Generate Metadata
01:40:51.0 (80972086)|CODE_UNIT_FINISHED|Generate Metadata
01:40:51.84 (84601826)|CUMULATIVE_LIMIT_USAGE
01:40:51.84 (84601826)|LIMIT_USAGE_FOR_NS|(default)|
  Number of SOQL queries: 0 out of 100
  Number of query rows: 0 out of 50000
  Number of SOSL queries: 0 out of 20
  Number of DML statements: 0 out of 150
  Number of DML rows: 0 out of 10000
  Maximum CPU time: 0 out of 10000
  Maximum heap size: 0 out of 6000000
  Number of callouts: 0 out of 100
  Number of Email Invocations: 0 out of 10
  Number of future calls: 0 out of 50
  Number of queueable jobs added to the queue: 0 out of 50
  Number of Mobile Apex push calls: 0 out of 10

01:40:51.84 (84601826)|CUMULATIVE_LIMIT_USAGE_END

01:40:51.0 (84680589)|CODE_UNIT_FINISHED|VF: /apex/CsvGraphic
01:40:51.0 (86778689)|EXECUTION_FINISHED
