36.0 APEX_CODE,INFO;APEX_PROFILING,INFO;CALLOUT,INFO;DB,INFO;SYSTEM,INFO;VALIDATION,INFO;VISUALFORCE,INFO;WORKFLOW,INFO
03:34:14.0 (345317)|USER_INFO|[EXTERNAL]|00541000000q0r2|andrey.korobovich@production.com|Pacific Standard Time|GMT-08:00
03:34:14.0 (367545)|EXECUTION_STARTED
03:34:14.0 (371772)|CODE_UNIT_STARTED|[EXTERNAL]|066410000062azV|VF: /apex/CsvGraphic
03:34:14.0 (2384005)|SYSTEM_MODE_ENTER|true
03:34:14.0 (2856832)|SYSTEM_MODE_ENTER|false
03:34:14.0 (2862839)|SYSTEM_MODE_EXIT|false
03:34:14.0 (2881888)|SYSTEM_MODE_ENTER|false
03:34:14.0 (2898326)|SYSTEM_MODE_EXIT|false
03:34:14.0 (2902518)|SYSTEM_MODE_ENTER|false
03:34:14.0 (2904472)|SYSTEM_MODE_EXIT|false
03:34:14.0 (50046494)|VF_SERIALIZE_VIEWSTATE_BEGIN|066410000062azV
03:34:14.0 (57798710)|VF_SERIALIZE_VIEWSTATE_END
03:34:14.61 (61646486)|CUMULATIVE_LIMIT_USAGE
03:34:14.61 (61646486)|LIMIT_USAGE_FOR_NS|(default)|
  Number of SOQL queries: 0 out of 100
  Number of query rows: 0 out of 50000
  Number of SOSL queries: 0 out of 20
  Number of DML statements: 0 out of 150
  Number of DML rows: 0 out of 10000
  Maximum CPU time: 0 out of 10000
  Maximum heap size: 0 out of 6000000
  Number of callouts: 0 out of 100
  Number of Email Invocations: 0 out of 10
  Number of future calls: 0 out of 50
  Number of queueable jobs added to the queue: 0 out of 50
  Number of Mobile Apex push calls: 0 out of 10

03:34:14.61 (61646486)|CUMULATIVE_LIMIT_USAGE_END

03:34:14.0 (61689219)|CODE_UNIT_FINISHED|VF: /apex/CsvGraphic
03:34:14.0 (63383136)|EXECUTION_FINISHED
