36.0 APEX_CODE,INFO;APEX_PROFILING,INFO;CALLOUT,INFO;DB,INFO;SYSTEM,INFO;VALIDATION,INFO;VISUALFORCE,INFO;WORKFLOW,INFO
03:28:26.0 (424400)|USER_INFO|[EXTERNAL]|00541000000q0r2|andrey.korobovich@production.com|Pacific Standard Time|GMT-08:00
03:28:26.0 (455672)|EXECUTION_STARTED
03:28:26.0 (462339)|CODE_UNIT_STARTED|[EXTERNAL]|066410000062azV|VF: /apex/CsvGraphic
03:28:26.0 (7527520)|SYSTEM_MODE_ENTER|true
03:28:26.0 (8072057)|SYSTEM_MODE_ENTER|false
03:28:26.0 (8080077)|SYSTEM_MODE_EXIT|false
03:28:26.0 (8103790)|SYSTEM_MODE_ENTER|false
03:28:26.0 (8122258)|SYSTEM_MODE_EXIT|false
03:28:26.0 (8126944)|SYSTEM_MODE_ENTER|false
03:28:26.0 (8128862)|SYSTEM_MODE_EXIT|false
03:28:26.0 (64884753)|VF_SERIALIZE_VIEWSTATE_BEGIN|066410000062azV
03:28:26.0 (81176819)|VF_SERIALIZE_VIEWSTATE_END
03:28:26.0 (81778103)|CODE_UNIT_STARTED|[EXTERNAL]|Generate Metadata
03:28:26.0 (82403632)|CODE_UNIT_FINISHED|Generate Metadata
03:28:26.85 (85355709)|CUMULATIVE_LIMIT_USAGE
03:28:26.85 (85355709)|LIMIT_USAGE_FOR_NS|(default)|
  Number of SOQL queries: 0 out of 100
  Number of query rows: 0 out of 50000
  Number of SOSL queries: 0 out of 20
  Number of DML statements: 0 out of 150
  Number of DML rows: 0 out of 10000
  Maximum CPU time: 0 out of 10000
  Maximum heap size: 0 out of 6000000
  Number of callouts: 0 out of 100
  Number of Email Invocations: 0 out of 10
  Number of future calls: 0 out of 50
  Number of queueable jobs added to the queue: 0 out of 50
  Number of Mobile Apex push calls: 0 out of 10

03:28:26.85 (85355709)|CUMULATIVE_LIMIT_USAGE_END

03:28:26.0 (85397486)|CODE_UNIT_FINISHED|VF: /apex/CsvGraphic
03:28:26.0 (88127972)|EXECUTION_FINISHED
