36.0 APEX_CODE,INFO;APEX_PROFILING,INFO;CALLOUT,INFO;DB,INFO;SYSTEM,INFO;VALIDATION,INFO;VISUALFORCE,INFO;WORKFLOW,INFO
07:23:19.0 (339940)|USER_INFO|[EXTERNAL]|00541000000q0r2|andrey.korobovich@production.com|Pacific Standard Time|GMT-08:00
07:23:19.0 (369396)|EXECUTION_STARTED
07:23:19.0 (375471)|CODE_UNIT_STARTED|[EXTERNAL]|066410000062azV|VF: /apex/CsvGraphic
07:23:19.0 (7624467)|SYSTEM_MODE_ENTER|true
07:23:19.0 (8204195)|SYSTEM_MODE_ENTER|false
07:23:19.0 (8213906)|SYSTEM_MODE_EXIT|false
07:23:19.0 (8236561)|SYSTEM_MODE_ENTER|false
07:23:19.0 (8254122)|SYSTEM_MODE_EXIT|false
07:23:19.0 (8258229)|SYSTEM_MODE_ENTER|false
07:23:19.0 (8260153)|SYSTEM_MODE_EXIT|false
07:23:19.0 (59650312)|VF_SERIALIZE_VIEWSTATE_BEGIN|066410000062azV
07:23:19.0 (76929529)|VF_SERIALIZE_VIEWSTATE_END
07:23:19.0 (77663789)|CODE_UNIT_STARTED|[EXTERNAL]|Generate Metadata
07:23:19.0 (78189320)|CODE_UNIT_FINISHED|Generate Metadata
07:23:19.81 (81843098)|CUMULATIVE_LIMIT_USAGE
07:23:19.81 (81843098)|LIMIT_USAGE_FOR_NS|(default)|
  Number of SOQL queries: 0 out of 100
  Number of query rows: 0 out of 50000
  Number of SOSL queries: 0 out of 20
  Number of DML statements: 0 out of 150
  Number of DML rows: 0 out of 10000
  Maximum CPU time: 0 out of 10000
  Maximum heap size: 0 out of 6000000
  Number of callouts: 0 out of 100
  Number of Email Invocations: 0 out of 10
  Number of future calls: 0 out of 50
  Number of queueable jobs added to the queue: 0 out of 50
  Number of Mobile Apex push calls: 0 out of 10

07:23:19.81 (81843098)|CUMULATIVE_LIMIT_USAGE_END

07:23:19.0 (81885715)|CODE_UNIT_FINISHED|VF: /apex/CsvGraphic
07:23:19.0 (83406948)|EXECUTION_FINISHED
