36.0 APEX_CODE,INFO;APEX_PROFILING,INFO;CALLOUT,INFO;DB,INFO;SYSTEM,INFO;VALIDATION,INFO;VISUALFORCE,INFO;WORKFLOW,INFO
02:53:09.0 (478074)|USER_INFO|[EXTERNAL]|00541000000q0r2|andrey.korobovich@production.com|Pacific Standard Time|GMT-08:00
02:53:09.0 (510584)|EXECUTION_STARTED
02:53:09.0 (515899)|CODE_UNIT_STARTED|[EXTERNAL]|066410000062azV|VF: /apex/CsvGraphic
02:53:09.0 (2666003)|SYSTEM_MODE_ENTER|true
02:53:09.0 (3215588)|SYSTEM_MODE_ENTER|false
02:53:09.0 (3224627)|SYSTEM_MODE_EXIT|false
02:53:09.0 (3262057)|SYSTEM_MODE_ENTER|false
02:53:09.0 (3281044)|SYSTEM_MODE_EXIT|false
02:53:09.0 (3285034)|SYSTEM_MODE_ENTER|false
02:53:09.0 (3288136)|SYSTEM_MODE_EXIT|false
02:53:09.0 (83798067)|VF_SERIALIZE_VIEWSTATE_BEGIN|066410000062azV
02:53:09.0 (98226976)|VF_SERIALIZE_VIEWSTATE_END
02:53:09.0 (99039707)|CODE_UNIT_STARTED|[EXTERNAL]|Generate Metadata
02:53:09.0 (100031782)|CODE_UNIT_FINISHED|Generate Metadata
02:53:09.103 (103846467)|CUMULATIVE_LIMIT_USAGE
02:53:09.103 (103846467)|LIMIT_USAGE_FOR_NS|(default)|
  Number of SOQL queries: 0 out of 100
  Number of query rows: 0 out of 50000
  Number of SOSL queries: 0 out of 20
  Number of DML statements: 0 out of 150
  Number of DML rows: 0 out of 10000
  Maximum CPU time: 0 out of 10000
  Maximum heap size: 0 out of 6000000
  Number of callouts: 0 out of 100
  Number of Email Invocations: 0 out of 10
  Number of future calls: 0 out of 50
  Number of queueable jobs added to the queue: 0 out of 50
  Number of Mobile Apex push calls: 0 out of 10

02:53:09.103 (103846467)|CUMULATIVE_LIMIT_USAGE_END

02:53:09.0 (103895754)|CODE_UNIT_FINISHED|VF: /apex/CsvGraphic
02:53:09.0 (105324608)|EXECUTION_FINISHED
