36.0 APEX_CODE,INFO;APEX_PROFILING,INFO;CALLOUT,INFO;DB,INFO;SYSTEM,INFO;VALIDATION,INFO;VISUALFORCE,INFO;WORKFLOW,INFO
02:58:34.0 (552566)|USER_INFO|[EXTERNAL]|00541000000q0r2|andrey.korobovich@production.com|Pacific Standard Time|GMT-08:00
02:58:34.0 (586245)|EXECUTION_STARTED
02:58:34.0 (592364)|CODE_UNIT_STARTED|[EXTERNAL]|066410000062azV|VF: /apex/CsvGraphic
02:58:34.0 (3197218)|SYSTEM_MODE_ENTER|true
02:58:34.0 (3855019)|SYSTEM_MODE_ENTER|false
02:58:34.0 (3865021)|SYSTEM_MODE_EXIT|false
02:58:34.0 (3909813)|SYSTEM_MODE_ENTER|false
02:58:34.0 (3928491)|SYSTEM_MODE_EXIT|false
02:58:34.0 (3932746)|SYSTEM_MODE_ENTER|false
02:58:34.0 (3935555)|SYSTEM_MODE_EXIT|false
02:58:34.0 (59857462)|VF_SERIALIZE_VIEWSTATE_BEGIN|066410000062azV
02:58:34.0 (76888552)|VF_SERIALIZE_VIEWSTATE_END
02:58:34.0 (77466275)|CODE_UNIT_STARTED|[EXTERNAL]|Generate Metadata
02:58:34.0 (77811878)|CODE_UNIT_FINISHED|Generate Metadata
02:58:34.81 (81249479)|CUMULATIVE_LIMIT_USAGE
02:58:34.81 (81249479)|LIMIT_USAGE_FOR_NS|(default)|
  Number of SOQL queries: 0 out of 100
  Number of query rows: 0 out of 50000
  Number of SOSL queries: 0 out of 20
  Number of DML statements: 0 out of 150
  Number of DML rows: 0 out of 10000
  Maximum CPU time: 0 out of 10000
  Maximum heap size: 0 out of 6000000
  Number of callouts: 0 out of 100
  Number of Email Invocations: 0 out of 10
  Number of future calls: 0 out of 50
  Number of queueable jobs added to the queue: 0 out of 50
  Number of Mobile Apex push calls: 0 out of 10

02:58:34.81 (81249479)|CUMULATIVE_LIMIT_USAGE_END

02:58:34.0 (81289449)|CODE_UNIT_FINISHED|VF: /apex/CsvGraphic
02:58:34.0 (83341241)|EXECUTION_FINISHED
