36.0 APEX_CODE,INFO;APEX_PROFILING,INFO;CALLOUT,INFO;DB,INFO;SYSTEM,INFO;VALIDATION,INFO;VISUALFORCE,INFO;WORKFLOW,INFO
03:02:17.0 (363217)|USER_INFO|[EXTERNAL]|00541000000q0r2|andrey.korobovich@production.com|Pacific Standard Time|GMT-08:00
03:02:17.0 (391043)|EXECUTION_STARTED
03:02:17.0 (394763)|CODE_UNIT_STARTED|[EXTERNAL]|066410000062azV|VF: /apex/CsvGraphic
03:02:17.0 (57948963)|SYSTEM_MODE_ENTER|true
03:02:17.0 (58528908)|SYSTEM_MODE_ENTER|false
03:02:17.0 (58539264)|SYSTEM_MODE_EXIT|false
03:02:17.0 (58581131)|SYSTEM_MODE_ENTER|false
03:02:17.0 (58605460)|SYSTEM_MODE_EXIT|false
03:02:17.0 (58611551)|SYSTEM_MODE_ENTER|false
03:02:17.0 (58615389)|SYSTEM_MODE_EXIT|false
03:02:17.0 (115981503)|VF_SERIALIZE_VIEWSTATE_BEGIN|066410000062azV
03:02:17.0 (131673300)|VF_SERIALIZE_VIEWSTATE_END
03:02:17.0 (132353755)|CODE_UNIT_STARTED|[EXTERNAL]|Generate Metadata
03:02:17.0 (133000152)|CODE_UNIT_FINISHED|Generate Metadata
03:02:17.136 (136419985)|CUMULATIVE_LIMIT_USAGE
03:02:17.136 (136419985)|LIMIT_USAGE_FOR_NS|(default)|
  Number of SOQL queries: 0 out of 100
  Number of query rows: 0 out of 50000
  Number of SOSL queries: 0 out of 20
  Number of DML statements: 0 out of 150
  Number of DML rows: 0 out of 10000
  Maximum CPU time: 0 out of 10000
  Maximum heap size: 0 out of 6000000
  Number of callouts: 0 out of 100
  Number of Email Invocations: 0 out of 10
  Number of future calls: 0 out of 50
  Number of queueable jobs added to the queue: 0 out of 50
  Number of Mobile Apex push calls: 0 out of 10

03:02:17.136 (136419985)|CUMULATIVE_LIMIT_USAGE_END

03:02:17.0 (136464472)|CODE_UNIT_FINISHED|VF: /apex/CsvGraphic
03:02:17.0 (137576943)|EXECUTION_FINISHED
