36.0 APEX_CODE,INFO;APEX_PROFILING,INFO;CALLOUT,INFO;DB,INFO;SYSTEM,INFO;VALIDATION,INFO;VISUALFORCE,INFO;WORKFLOW,INFO
02:13:22.0 (71583)|USER_INFO|[EXTERNAL]|00541000000q0r2|andrey.korobovich@production.com|Pacific Standard Time|GMT-08:00
02:13:22.0 (102634)|EXECUTION_STARTED
02:13:22.0 (107774)|CODE_UNIT_STARTED|[EXTERNAL]|066410000062azV|VF: /apex/CsvGraphic
02:13:22.0 (280935)|VF_DESERIALIZE_VIEWSTATE_BEGIN|066410000062azV
02:13:22.0 (3201660)|VF_DESERIALIZE_VIEWSTATE_END
02:13:22.0 (4050622)|SYSTEM_MODE_ENTER|false
02:13:22.0 (4058468)|SYSTEM_MODE_EXIT|false
02:13:22.0 (4073887)|SYSTEM_MODE_ENTER|false
02:13:22.0 (4366838)|SYSTEM_MODE_EXIT|false
02:13:22.0 (51864030)|SYSTEM_MODE_ENTER|true
02:13:22.0 (53370225)|VF_SERIALIZE_VIEWSTATE_BEGIN|066410000062azV
02:13:22.0 (62374355)|VF_SERIALIZE_VIEWSTATE_END
02:13:22.0 (62934017)|CODE_UNIT_STARTED|[EXTERNAL]|Generate Metadata
02:13:22.0 (63294309)|CODE_UNIT_FINISHED|Generate Metadata
02:13:22.65 (65997439)|CUMULATIVE_LIMIT_USAGE
02:13:22.65 (65997439)|LIMIT_USAGE_FOR_NS|(default)|
  Number of SOQL queries: 0 out of 100
  Number of query rows: 0 out of 50000
  Number of SOSL queries: 0 out of 20
  Number of DML statements: 0 out of 150
  Number of DML rows: 0 out of 10000
  Maximum CPU time: 0 out of 10000
  Maximum heap size: 0 out of 6000000
  Number of callouts: 0 out of 100
  Number of Email Invocations: 0 out of 10
  Number of future calls: 0 out of 50
  Number of queueable jobs added to the queue: 0 out of 50
  Number of Mobile Apex push calls: 0 out of 10

02:13:22.65 (65997439)|CUMULATIVE_LIMIT_USAGE_END

02:13:22.0 (66034343)|CODE_UNIT_FINISHED|VF: /apex/CsvGraphic
02:13:22.0 (67652940)|EXECUTION_FINISHED
