36.0 APEX_CODE,INFO;APEX_PROFILING,INFO;CALLOUT,INFO;DB,INFO;SYSTEM,INFO;VALIDATION,INFO;VISUALFORCE,INFO;WORKFLOW,INFO
01:40:20.0 (321645)|USER_INFO|[EXTERNAL]|00541000000q0r2|andrey.korobovich@production.com|Pacific Standard Time|GMT-08:00
01:40:20.0 (347548)|EXECUTION_STARTED
01:40:20.0 (351575)|CODE_UNIT_STARTED|[EXTERNAL]|066410000062azV|VF: /apex/CsvGraphic
01:40:20.0 (2183388)|SYSTEM_MODE_ENTER|true
01:40:20.0 (2639086)|SYSTEM_MODE_ENTER|false
01:40:20.0 (2644632)|SYSTEM_MODE_EXIT|false
01:40:20.0 (2663811)|SYSTEM_MODE_ENTER|false
01:40:20.0 (2679990)|SYSTEM_MODE_EXIT|false
01:40:20.0 (2684610)|SYSTEM_MODE_ENTER|false
01:40:20.0 (2686552)|SYSTEM_MODE_EXIT|false
01:40:20.0 (41888743)|VF_SERIALIZE_VIEWSTATE_BEGIN|066410000062azV
01:40:20.0 (53489198)|VF_SERIALIZE_VIEWSTATE_END
01:40:20.0 (54238900)|CODE_UNIT_STARTED|[EXTERNAL]|Generate Metadata
01:40:20.0 (54928754)|CODE_UNIT_FINISHED|Generate Metadata
01:40:20.58 (58184654)|CUMULATIVE_LIMIT_USAGE
01:40:20.58 (58184654)|LIMIT_USAGE_FOR_NS|(default)|
  Number of SOQL queries: 0 out of 100
  Number of query rows: 0 out of 50000
  Number of SOSL queries: 0 out of 20
  Number of DML statements: 0 out of 150
  Number of DML rows: 0 out of 10000
  Maximum CPU time: 0 out of 10000
  Maximum heap size: 0 out of 6000000
  Number of callouts: 0 out of 100
  Number of Email Invocations: 0 out of 10
  Number of future calls: 0 out of 50
  Number of queueable jobs added to the queue: 0 out of 50
  Number of Mobile Apex push calls: 0 out of 10

01:40:20.58 (58184654)|CUMULATIVE_LIMIT_USAGE_END

01:40:20.0 (58236605)|CODE_UNIT_FINISHED|VF: /apex/CsvGraphic
01:40:20.0 (59411885)|EXECUTION_FINISHED
