36.0 APEX_CODE,INFO;APEX_PROFILING,INFO;CALLOUT,INFO;DB,INFO;SYSTEM,INFO;VALIDATION,INFO;VISUALFORCE,INFO;WORKFLOW,INFO
03:34:53.0 (412144)|USER_INFO|[EXTERNAL]|00541000000q0r2|andrey.korobovich@production.com|Pacific Standard Time|GMT-08:00
03:34:53.0 (448751)|EXECUTION_STARTED
03:34:53.0 (464660)|CODE_UNIT_STARTED|[EXTERNAL]|066410000062azV|VF: /apex/CsvGraphic
03:34:53.0 (3255815)|SYSTEM_MODE_ENTER|true
03:34:53.0 (3981264)|SYSTEM_MODE_ENTER|false
03:34:53.0 (3988316)|SYSTEM_MODE_EXIT|false
03:34:53.0 (4010533)|SYSTEM_MODE_ENTER|false
03:34:53.0 (4030569)|SYSTEM_MODE_EXIT|false
03:34:53.0 (4034923)|SYSTEM_MODE_ENTER|false
03:34:53.0 (4036955)|SYSTEM_MODE_EXIT|false
03:34:53.0 (91437073)|VF_SERIALIZE_VIEWSTATE_BEGIN|066410000062azV
03:34:53.0 (105834883)|VF_SERIALIZE_VIEWSTATE_END
03:34:53.110 (110013232)|CUMULATIVE_LIMIT_USAGE
03:34:53.110 (110013232)|LIMIT_USAGE_FOR_NS|(default)|
  Number of SOQL queries: 0 out of 100
  Number of query rows: 0 out of 50000
  Number of SOSL queries: 0 out of 20
  Number of DML statements: 0 out of 150
  Number of DML rows: 0 out of 10000
  Maximum CPU time: 0 out of 10000
  Maximum heap size: 0 out of 6000000
  Number of callouts: 0 out of 100
  Number of Email Invocations: 0 out of 10
  Number of future calls: 0 out of 50
  Number of queueable jobs added to the queue: 0 out of 50
  Number of Mobile Apex push calls: 0 out of 10

03:34:53.110 (110013232)|CUMULATIVE_LIMIT_USAGE_END

03:34:53.0 (110062985)|CODE_UNIT_FINISHED|VF: /apex/CsvGraphic
03:34:53.0 (111427606)|EXECUTION_FINISHED
