36.0 APEX_CODE,INFO;APEX_PROFILING,INFO;CALLOUT,INFO;DB,INFO;SYSTEM,INFO;VALIDATION,INFO;VISUALFORCE,INFO;WORKFLOW,INFO
01:30:02.3 (3410115)|USER_INFO|[EXTERNAL]|00541000000q0r2|andrey.korobovich@production.com|Pacific Standard Time|GMT-08:00
01:30:02.3 (3446196)|EXECUTION_STARTED
01:30:02.3 (3452223)|CODE_UNIT_STARTED|[EXTERNAL]|066410000062azV|VF: /apex/CsvGraphic
01:30:02.3 (5827017)|SYSTEM_MODE_ENTER|true
01:30:02.3 (6422555)|SYSTEM_MODE_ENTER|false
01:30:02.3 (6431246)|SYSTEM_MODE_EXIT|false
01:30:02.3 (6463449)|SYSTEM_MODE_ENTER|false
01:30:02.3 (6498244)|SYSTEM_MODE_EXIT|false
01:30:02.3 (6508413)|SYSTEM_MODE_ENTER|false
01:30:02.3 (6512209)|SYSTEM_MODE_EXIT|false
01:30:02.3 (140793192)|VF_SERIALIZE_VIEWSTATE_BEGIN|066410000062azV
01:30:02.3 (152467276)|VF_SERIALIZE_VIEWSTATE_END
01:30:02.3 (153024919)|CODE_UNIT_STARTED|[EXTERNAL]|Generate Metadata
01:30:02.3 (153362807)|CODE_UNIT_FINISHED|Generate Metadata
01:30:02.156 (156634500)|CUMULATIVE_LIMIT_USAGE
01:30:02.156 (156634500)|LIMIT_USAGE_FOR_NS|(default)|
  Number of SOQL queries: 0 out of 100
  Number of query rows: 0 out of 50000
  Number of SOSL queries: 0 out of 20
  Number of DML statements: 0 out of 150
  Number of DML rows: 0 out of 10000
  Maximum CPU time: 0 out of 10000
  Maximum heap size: 0 out of 6000000
  Number of callouts: 0 out of 100
  Number of Email Invocations: 0 out of 10
  Number of future calls: 0 out of 50
  Number of queueable jobs added to the queue: 0 out of 50
  Number of Mobile Apex push calls: 0 out of 10

01:30:02.156 (156634500)|CUMULATIVE_LIMIT_USAGE_END

01:30:02.3 (156677813)|CODE_UNIT_FINISHED|VF: /apex/CsvGraphic
01:30:02.3 (158631269)|EXECUTION_FINISHED
