36.0 APEX_CODE,INFO;APEX_PROFILING,INFO;CALLOUT,INFO;DB,INFO;SYSTEM,INFO;VALIDATION,INFO;VISUALFORCE,INFO;WORKFLOW,INFO
02:10:21.0 (424324)|USER_INFO|[EXTERNAL]|00541000000q0r2|andrey.korobovich@production.com|Pacific Standard Time|GMT-08:00
02:10:21.0 (460937)|EXECUTION_STARTED
02:10:21.0 (465772)|CODE_UNIT_STARTED|[EXTERNAL]|066410000062azV|VF: /apex/CsvGraphic
02:10:21.0 (1198008)|VF_DESERIALIZE_VIEWSTATE_BEGIN|066410000062azV
02:10:21.0 (15600297)|VF_DESERIALIZE_VIEWSTATE_END
02:10:21.0 (17237164)|SYSTEM_MODE_ENTER|false
02:10:21.0 (17246039)|SYSTEM_MODE_EXIT|false
02:10:21.0 (17265202)|SYSTEM_MODE_ENTER|false
02:10:21.0 (17600229)|SYSTEM_MODE_EXIT|false
02:10:21.0 (80173875)|SYSTEM_MODE_ENTER|true
02:10:21.0 (82024454)|VF_SERIALIZE_VIEWSTATE_BEGIN|066410000062azV
02:10:21.0 (91607964)|VF_SERIALIZE_VIEWSTATE_END
02:10:21.0 (92449250)|CODE_UNIT_STARTED|[EXTERNAL]|Generate Metadata
02:10:21.0 (93424476)|CODE_UNIT_FINISHED|Generate Metadata
02:10:21.97 (97277773)|CUMULATIVE_LIMIT_USAGE
02:10:21.97 (97277773)|LIMIT_USAGE_FOR_NS|(default)|
  Number of SOQL queries: 0 out of 100
  Number of query rows: 0 out of 50000
  Number of SOSL queries: 0 out of 20
  Number of DML statements: 0 out of 150
  Number of DML rows: 0 out of 10000
  Maximum CPU time: 0 out of 10000
  Maximum heap size: 0 out of 6000000
  Number of callouts: 0 out of 100
  Number of Email Invocations: 0 out of 10
  Number of future calls: 0 out of 50
  Number of queueable jobs added to the queue: 0 out of 50
  Number of Mobile Apex push calls: 0 out of 10

02:10:21.97 (97277773)|CUMULATIVE_LIMIT_USAGE_END

02:10:21.0 (97321463)|CODE_UNIT_FINISHED|VF: /apex/CsvGraphic
02:10:21.0 (98892531)|EXECUTION_FINISHED
